#
# There is insufficient memory for the Java Runtime Environment to continue.
# Native memory allocation (mmap) failed to map 402653184 bytes for G1 virtual space
# Possible reasons:
#   The system is out of physical RAM or swap space
#   The process is running with CompressedOops enabled, and the Java Heap may be blocking the growth of the native heap
# Possible solutions:
#   Reduce memory load on the system
#   Increase physical memory or swap space
#   Check if swap backing store is full
#   Decrease Java heap size (-Xmx/-Xms)
#   Decrease number of Java threads
#   Decrease Java thread stack sizes (-Xss)
#   Set larger code cache with -XX:ReservedCodeCacheSize=
#   JVM is running with Unscaled Compressed Oops mode in which the Java heap is
#     placed in the first 4GB address space. The Java Heap base address is the
#     maximum limit for the native heap growth. Please use -XX:HeapBaseMinAddress
#     to set the Java Heap base and to place the Java Heap above 4GB virtual address.
# This output file may be truncated or incomplete.
#
#  Out of Memory Error (os_windows.cpp:3559), pid=2380, tid=23740
#
# JRE version: OpenJDK Runtime Environment Temurin-17.0.7+7 (17.0.7+7) (build 17.0.7+7)
# Java VM: OpenJDK 64-Bit Server VM Temurin-17.0.7+7 (17.0.7+7, mixed mode, sharing, tiered, compressed oops, compressed class ptrs, g1 gc, windows-amd64)
# No core dump will be written. Minidumps are not enabled by default on client versions of Windows
#

---------------  S U M M A R Y ------------

Command Line: -XX:MaxMetaspaceSize=512m --add-opens=java.base/java.util=ALL-UNNAMED --add-opens=java.base/java.lang=ALL-UNNAMED --add-opens=java.base/java.lang.invoke=ALL-UNNAMED --add-opens=java.prefs/java.util.prefs=ALL-UNNAMED --add-opens=java.base/java.nio.charset=ALL-UNNAMED --add-opens=java.base/java.net=ALL-UNNAMED --add-opens=java.base/java.util.concurrent.atomic=ALL-UNNAMED -Xmx2048m -Dfile.encoding=utf8 -Duser.country=IN -Duser.language=en -Duser.variant -javaagent:C:\Users\Asus\.gradle\wrapper\dists\gradle-8.3-all\6en3ugtfdg5xnpx44z4qbwgas\gradle-8.3\lib\agents\gradle-instrumentation-agent-8.3.jar org.gradle.launcher.daemon.bootstrap.GradleDaemon 8.3

Host: AMD Ryzen 7 4800H with Radeon Graphics         , 16 cores, 7G,  Windows 11 , 64 bit Build 22621 (10.0.22621.4391)
Time: Sun Jan 19 23:03:30 2025 India Standard Time elapsed time: 160.643133 seconds (0d 0h 2m 40s)

---------------  T H R E A D  ---------------

Current thread (0x0000020edbd49010):  VMThread "VM Thread" [stack: 0x000000fb82800000,0x000000fb82900000] [id=23740]

Stack: [0x000000fb82800000,0x000000fb82900000]
Native frames: (J=compiled Java code, j=interpreted, Vv=VM code, C=native code)
V  [jvm.dll+0x67754a]
V  [jvm.dll+0x834304]
V  [jvm.dll+0x835aae]
V  [jvm.dll+0x836113]
V  [jvm.dll+0x24696f]
V  [jvm.dll+0x6743f9]
V  [jvm.dll+0x668c8a]
V  [jvm.dll+0x3061bb]
V  [jvm.dll+0x30d6a6]
V  [jvm.dll+0x35cece]
V  [jvm.dll+0x35d0ff]
V  [jvm.dll+0x2dd048]
V  [jvm.dll+0x2db20c]
V  [jvm.dll+0x2da7dc]
V  [jvm.dll+0x31e6db]
V  [jvm.dll+0x83a5bb]
V  [jvm.dll+0x83b2f4]
V  [jvm.dll+0x83b80c]
V  [jvm.dll+0x83bbe4]
V  [jvm.dll+0x83bcb0]
V  [jvm.dll+0x7e4e7a]
V  [jvm.dll+0x676395]
C  [ucrtbase.dll+0x29333]
C  [KERNEL32.DLL+0x1259d]
C  [ntdll.dll+0x5af38]

VM_Operation (0x000000fb83ff1ce0): G1CollectForAllocation, mode: safepoint, requested by thread 0x0000020ee2615c70


---------------  P R O C E S S  ---------------

Threads class SMR info:
_java_thread_list=0x0000020ee35f9b90, length=140, elements={
0x0000020ebae14c50, 0x0000020edbd4df60, 0x0000020edbd4f570, 0x0000020edbd67430,
0x0000020edbd67ef0, 0x0000020edbd6a9b0, 0x0000020edbd6f370, 0x0000020edbd70100,
0x0000020edbd70ba0, 0x0000020ee00647c0, 0x0000020edbcf90f0, 0x0000020ee0201660,
0x0000020ee138b650, 0x0000020ee138c990, 0x0000020ee138ce60, 0x0000020ee138a310,
0x0000020ee138c4c0, 0x0000020ee2617e20, 0x0000020ee26135f0, 0x0000020ee2613f90,
0x0000020ee2612780, 0x0000020ee2616140, 0x0000020ee26152d0, 0x0000020ee26182f0,
0x0000020ee2613120, 0x0000020ee26157a0, 0x0000020ee2611440, 0x0000020ee2611910,
0x0000020ee2614930, 0x0000020ee2616610, 0x0000020ee2616ae0, 0x0000020ee2615c70,
0x0000020ee2614e00, 0x0000020ee2610f70, 0x0000020ee138d330, 0x0000020ee138d800,
0x0000020ee138dcd0, 0x0000020ee138a7e0, 0x0000020ee138b180, 0x0000020ee2616fb0,
0x0000020ee15f47c0, 0x0000020ee15f64a0, 0x0000020ee15f7cb0, 0x0000020ee15f77e0,
0x0000020ee15f8180, 0x0000020ee15f8650, 0x0000020ee15f5160, 0x0000020ee15f3480,
0x0000020ee15f5630, 0x0000020ee15f3e20, 0x0000020ee15f8b20, 0x0000020ee15f42f0,
0x0000020ee15f94c0, 0x0000020ee15f5b00, 0x0000020ee15fa330, 0x0000020ee15f5fd0,
0x0000020ee15f6970, 0x0000020ee15facd0, 0x0000020ee15f6e40, 0x0000020ee15f7310,
0x0000020ee3b2a990, 0x0000020ee3b2d4e0, 0x0000020ee3b2b800, 0x0000020ee3b2d9b0,
0x0000020ee3b287e0, 0x0000020ee3b29b20, 0x0000020ee3b2bcd0, 0x0000020ee3b29180,
0x0000020ee3b2c1a0, 0x0000020ee3b2de80, 0x0000020ee3b2b330, 0x0000020ee3b26fd0,
0x0000020ee3b274a0, 0x0000020ee3b27970, 0x0000020ee3b28310, 0x0000020ee3b28cb0,
0x0000020ee3b29650, 0x0000020ee3b2ae60, 0x0000020ee5b06830, 0x0000020ee5b08eb0,
0x0000020ee5b071d0, 0x0000020ee5b08510, 0x0000020ee5b06d00, 0x0000020ee5b05e90,
0x0000020ee5b089e0, 0x0000020ee5b02e70, 0x0000020ee5b029a0, 0x0000020ee5b09850,
0x0000020ee5b07b70, 0x0000020ee5b04680, 0x0000020ee5b076a0, 0x0000020ee5b02000,
0x0000020ee5b06360, 0x0000020ee5b024d0, 0x0000020ee5b04b50, 0x0000020ee5b03340,
0x0000020ee5b09380, 0x0000020ee5b08040, 0x0000020ee5b03810, 0x0000020ee5b054f0,
0x0000020ee5b05020, 0x0000020ee5b03ce0, 0x0000020ee5b041b0, 0x0000020ee5b059c0,
0x0000020ee57433d0, 0x0000020ee5740d50, 0x0000020ee5742a30, 0x0000020ee5741220,
0x0000020ee57438a0, 0x0000020ee5747260, 0x0000020ee5744710, 0x0000020ee5742f00,
0x0000020ee5744240, 0x0000020ee57450b0, 0x0000020ee57480d0, 0x0000020ee5747c00,
0x0000020ee57416f0, 0x0000020ee5741bc0, 0x0000020ee57485a0, 0x0000020ee5743d70,
0x0000020ee5744be0, 0x0000020ee5742090, 0x0000020ee5742560, 0x0000020ee5745580,
0x0000020ee5745a50, 0x0000020ee5745f20, 0x0000020ee57463f0, 0x0000020ee57468c0,
0x0000020ee5746d90, 0x0000020ee6e17700, 0x0000020ee6e18f10, 0x0000020ee6e12530,
0x0000020ee6e16890, 0x0000020ee6e17bd0, 0x0000020ee6e18570, 0x0000020ee6e193e0,
0x0000020ee6e18a40, 0x0000020ee6e13d40, 0x0000020ee1fa8690, 0x0000020ee1fa9fe0
}

Java Threads: ( => current thread )
  0x0000020ebae14c50 JavaThread "main" [_thread_blocked, id=28280, stack(0x000000fb82200000,0x000000fb82300000)]
  0x0000020edbd4df60 JavaThread "Reference Handler" daemon [_thread_blocked, id=26524, stack(0x000000fb82900000,0x000000fb82a00000)]
  0x0000020edbd4f570 JavaThread "Finalizer" daemon [_thread_blocked, id=28488, stack(0x000000fb82a00000,0x000000fb82b00000)]
  0x0000020edbd67430 JavaThread "Signal Dispatcher" daemon [_thread_blocked, id=17400, stack(0x000000fb82b00000,0x000000fb82c00000)]
  0x0000020edbd67ef0 JavaThread "Attach Listener" daemon [_thread_blocked, id=28364, stack(0x000000fb82c00000,0x000000fb82d00000)]
  0x0000020edbd6a9b0 JavaThread "Service Thread" daemon [_thread_blocked, id=28244, stack(0x000000fb82d00000,0x000000fb82e00000)]
  0x0000020edbd6f370 JavaThread "Monitor Deflation Thread" daemon [_thread_blocked, id=23920, stack(0x000000fb82e00000,0x000000fb82f00000)]
  0x0000020edbd70100 JavaThread "C2 CompilerThread0" daemon [_thread_blocked, id=8112, stack(0x000000fb82f00000,0x000000fb83000000)]
  0x0000020edbd70ba0 JavaThread "C1 CompilerThread0" daemon [_thread_blocked, id=24528, stack(0x000000fb83000000,0x000000fb83100000)]
  0x0000020ee00647c0 JavaThread "Sweeper thread" daemon [_thread_blocked, id=17208, stack(0x000000fb83100000,0x000000fb83200000)]
  0x0000020edbcf90f0 JavaThread "Common-Cleaner" daemon [_thread_blocked, id=6680, stack(0x000000fb83200000,0x000000fb83300000)]
  0x0000020ee0201660 JavaThread "Notification Thread" daemon [_thread_blocked, id=21692, stack(0x000000fb83500000,0x000000fb83600000)]
  0x0000020ee138b650 JavaThread "Daemon health stats" [_thread_blocked, id=15444, stack(0x000000fb83d00000,0x000000fb83e00000)]
  0x0000020ee138c990 JavaThread "Incoming local TCP Connector on port 58675" [_thread_in_native, id=27268, stack(0x000000fb83b00000,0x000000fb83c00000)]
  0x0000020ee138ce60 JavaThread "Daemon periodic checks" [_thread_blocked, id=25104, stack(0x000000fb83e00000,0x000000fb83f00000)]
  0x0000020ee138a310 JavaThread "Cache worker for journal cache (C:\Users\Asus\.gradle\caches\journal-1)" [_thread_blocked, id=6656, stack(0x000000fb84600000,0x000000fb84700000)]
  0x0000020ee138c4c0 JavaThread "File lock request listener" [_thread_in_native, id=22368, stack(0x000000fb84700000,0x000000fb84800000)]
  0x0000020ee2617e20 JavaThread "Cache worker for file hash cache (C:\Users\Asus\.gradle\caches\8.3\fileHashes)" [_thread_blocked, id=25768, stack(0x000000fb85100000,0x000000fb85200000)]
  0x0000020ee26135f0 JavaThread "File watcher server" daemon [_thread_in_native, id=27152, stack(0x000000fb85200000,0x000000fb85300000)]
  0x0000020ee2613f90 JavaThread "File watcher consumer" daemon [_thread_blocked, id=20984, stack(0x000000fb85300000,0x000000fb85400000)]
  0x0000020ee2612780 JavaThread "Cache worker for file content cache (C:\Users\Asus\.gradle\caches\8.3\fileContent)" [_thread_blocked, id=14224, stack(0x000000fb85800000,0x000000fb85900000)]
  0x0000020ee2616140 JavaThread "Cache worker for execution history cache (C:\Users\Asus\.gradle\caches\8.3\executionHistory)" [_thread_blocked, id=25552, stack(0x000000fb85a00000,0x000000fb85b00000)]
  0x0000020ee26152d0 JavaThread "jar transforms" [_thread_blocked, id=13208, stack(0x000000fb85c00000,0x000000fb85d00000)]
  0x0000020ee26182f0 JavaThread "jar transforms Thread 2" [_thread_blocked, id=10668, stack(0x000000fb85d00000,0x000000fb85e00000)]
  0x0000020ee2613120 JavaThread "jar transforms Thread 3" [_thread_blocked, id=13404, stack(0x000000fb85e00000,0x000000fb85f00000)]
  0x0000020ee26157a0 JavaThread "jar transforms Thread 4" [_thread_blocked, id=25704, stack(0x000000fb85f00000,0x000000fb86000000)]
  0x0000020ee2611440 JavaThread "jar transforms Thread 5" [_thread_blocked, id=15132, stack(0x000000fb86000000,0x000000fb86100000)]
  0x0000020ee2611910 JavaThread "jar transforms Thread 6" [_thread_blocked, id=27028, stack(0x000000fb86100000,0x000000fb86200000)]
  0x0000020ee2614930 JavaThread "Daemon Thread 2" [_thread_blocked, id=17304, stack(0x000000fb81f00000,0x000000fb82000000)]
  0x0000020ee2616610 JavaThread "Handler for socket connection from /127.0.0.1:58675 to /127.0.0.1:58934" [_thread_in_native, id=2164, stack(0x000000fb82000000,0x000000fb82100000)]
  0x0000020ee2616ae0 JavaThread "Cancel handler" [_thread_blocked, id=17548, stack(0x000000fb82100000,0x000000fb82200000)]
  0x0000020ee2615c70 JavaThread "Daemon worker Thread 2" [_thread_blocked, id=28060, stack(0x000000fb83f00000,0x000000fb84000000)]
  0x0000020ee2614e00 JavaThread "Asynchronous log dispatcher for DefaultDaemonConnection: socket connection from /127.0.0.1:58675 to /127.0.0.1:58934" [_thread_blocked, id=20788, stack(0x000000fb84000000,0x000000fb84100000)]
  0x0000020ee2610f70 JavaThread "Stdin handler" [_thread_blocked, id=23204, stack(0x000000fb84100000,0x000000fb84200000)]
  0x0000020ee138d330 JavaThread "Daemon client event forwarder" [_thread_blocked, id=21952, stack(0x000000fb84200000,0x000000fb84300000)]
  0x0000020ee138d800 JavaThread "Cache worker for checksums cache (D:\Work Radio\FirstBall\firstball.app\android\.gradle\8.3\checksums)" [_thread_blocked, id=19204, stack(0x000000fb84300000,0x000000fb84400000)]
  0x0000020ee138dcd0 JavaThread "Cache worker for file hash cache (D:\Work Radio\FirstBall\firstball.app\android\.gradle\8.3\fileHashes)" [_thread_blocked, id=26632, stack(0x000000fb84400000,0x000000fb84500000)]
  0x0000020ee138a7e0 JavaThread "Cache worker for cache directory md-supplier (C:\Users\Asus\.gradle\caches\8.3\md-supplier)" [_thread_blocked, id=14944, stack(0x000000fb84500000,0x000000fb84600000)]
  0x0000020ee138b180 JavaThread "Cache worker for cache directory md-rule (C:\Users\Asus\.gradle\caches\8.3\md-rule)" [_thread_blocked, id=16660, stack(0x000000fb85500000,0x000000fb85600000)]
  0x0000020ee2616fb0 JavaThread "Cache worker for kotlin-dsl (C:\Users\Asus\.gradle\caches\8.3\kotlin-dsl)" [_thread_blocked, id=27668, stack(0x000000fb85900000,0x000000fb85a00000)]
  0x0000020ee15f47c0 JavaThread "jar transforms Thread 7" [_thread_blocked, id=23128, stack(0x000000fb85b00000,0x000000fb85c00000)]
  0x0000020ee15f64a0 JavaThread "jar transforms Thread 8" [_thread_blocked, id=11404, stack(0x000000fb86200000,0x000000fb86300000)]
  0x0000020ee15f7cb0 JavaThread "Unconstrained build operations" [_thread_blocked, id=16512, stack(0x000000fb86300000,0x000000fb86400000)]
  0x0000020ee15f77e0 JavaThread "Unconstrained build operations Thread 2" [_thread_blocked, id=13012, stack(0x000000fb86400000,0x000000fb86500000)]
  0x0000020ee15f8180 JavaThread "jar transforms Thread 9" [_thread_blocked, id=11556, stack(0x000000fb86500000,0x000000fb86600000)]
  0x0000020ee15f8650 JavaThread "jar transforms Thread 10" [_thread_blocked, id=5352, stack(0x000000fb86600000,0x000000fb86700000)]
  0x0000020ee15f5160 JavaThread "jar transforms Thread 11" [_thread_blocked, id=27704, stack(0x000000fb86700000,0x000000fb86800000)]
  0x0000020ee15f3480 JavaThread "jar transforms Thread 12" [_thread_blocked, id=24896, stack(0x000000fb86800000,0x000000fb86900000)]
  0x0000020ee15f5630 JavaThread "jar transforms Thread 13" [_thread_blocked, id=5940, stack(0x000000fb86900000,0x000000fb86a00000)]
  0x0000020ee15f3e20 JavaThread "jar transforms Thread 14" [_thread_blocked, id=17936, stack(0x000000fb86a00000,0x000000fb86b00000)]
  0x0000020ee15f8b20 JavaThread "Cache worker for dependencies-accessors (D:\Work Radio\FirstBall\firstball.app\android\.gradle\8.3\dependencies-accessors)" [_thread_blocked, id=15336, stack(0x000000fb86b00000,0x000000fb86c00000)]
  0x0000020ee15f42f0 JavaThread "Cache worker for Build Output Cleanup Cache (D:\Work Radio\FirstBall\firstball.app\node_modules\@react-native\gradle-plugin\.gradle\buildOutputCleanup)" [_thread_blocked, id=28668, stack(0x000000fb86c00000,0x000000fb86d00000)]
  0x0000020ee15f94c0 JavaThread "jar transforms Thread 15" [_thread_blocked, id=25404, stack(0x000000fb86d00000,0x000000fb86e00000)]
  0x0000020ee15f5b00 JavaThread "jar transforms Thread 16" [_thread_blocked, id=5572, stack(0x000000fb86e00000,0x000000fb86f00000)]
  0x0000020ee15fa330 JavaThread "Unconstrained build operations Thread 3" [_thread_blocked, id=25708, stack(0x000000fb86f00000,0x000000fb87000000)]
  0x0000020ee15f5fd0 JavaThread "Unconstrained build operations Thread 4" [_thread_blocked, id=3356, stack(0x000000fb87000000,0x000000fb87100000)]
  0x0000020ee15f6970 JavaThread "Unconstrained build operations Thread 5" [_thread_blocked, id=7336, stack(0x000000fb87100000,0x000000fb87200000)]
  0x0000020ee15facd0 JavaThread "Unconstrained build operations Thread 6" [_thread_blocked, id=7484, stack(0x000000fb87200000,0x000000fb87300000)]
  0x0000020ee15f6e40 JavaThread "Unconstrained build operations Thread 7" [_thread_blocked, id=18692, stack(0x000000fb87300000,0x000000fb87400000)]
  0x0000020ee15f7310 JavaThread "Unconstrained build operations Thread 8" [_thread_blocked, id=26604, stack(0x000000fb87400000,0x000000fb87500000)]
  0x0000020ee3b2a990 JavaThread "Unconstrained build operations Thread 9" [_thread_blocked, id=24120, stack(0x000000fb87500000,0x000000fb87600000)]
  0x0000020ee3b2d4e0 JavaThread "Unconstrained build operations Thread 10" [_thread_blocked, id=3100, stack(0x000000fb87600000,0x000000fb87700000)]
  0x0000020ee3b2b800 JavaThread "Unconstrained build operations Thread 11" [_thread_blocked, id=13572, stack(0x000000fb87700000,0x000000fb87800000)]
  0x0000020ee3b2d9b0 JavaThread "Unconstrained build operations Thread 12" [_thread_blocked, id=11384, stack(0x000000fb87800000,0x000000fb87900000)]
  0x0000020ee3b287e0 JavaThread "Unconstrained build operations Thread 13" [_thread_blocked, id=11628, stack(0x000000fb87900000,0x000000fb87a00000)]
  0x0000020ee3b29b20 JavaThread "Unconstrained build operations Thread 14" [_thread_blocked, id=25680, stack(0x000000fb87a00000,0x000000fb87b00000)]
  0x0000020ee3b2bcd0 JavaThread "Unconstrained build operations Thread 15" [_thread_blocked, id=24832, stack(0x000000fb87b00000,0x000000fb87c00000)]
  0x0000020ee3b29180 JavaThread "Unconstrained build operations Thread 16" [_thread_blocked, id=16136, stack(0x000000fb87c00000,0x000000fb87d00000)]
  0x0000020ee3b2c1a0 JavaThread "Unconstrained build operations Thread 17" [_thread_blocked, id=14592, stack(0x000000fb87d00000,0x000000fb87e00000)]
  0x0000020ee3b2de80 JavaThread "Memory manager" [_thread_blocked, id=27640, stack(0x000000fb83300000,0x000000fb83400000)]
  0x0000020ee3b2b330 JavaThread "Cache worker for Build Output Cleanup Cache (D:\Work Radio\FirstBall\firstball.app\android\.gradle\buildOutputCleanup)" [_thread_blocked, id=4772, stack(0x000000fb83400000,0x000000fb83500000)]
  0x0000020ee3b26fd0 JavaThread "ForkJoinPool.commonPool-worker-1" daemon [_thread_blocked, id=17300, stack(0x000000fb85700000,0x000000fb85800000)]
  0x0000020ee3b274a0 JavaThread "ForkJoinPool.commonPool-worker-2" daemon [_thread_blocked, id=18344, stack(0x000000fb87e00000,0x000000fb87f00000)]
  0x0000020ee3b27970 JavaThread "ForkJoinPool.commonPool-worker-3" daemon [_thread_blocked, id=26008, stack(0x000000fb87f00000,0x000000fb88000000)]
  0x0000020ee3b28310 JavaThread "ForkJoinPool.commonPool-worker-4" daemon [_thread_blocked, id=25476, stack(0x000000fb88000000,0x000000fb88100000)]
  0x0000020ee3b28cb0 JavaThread "ForkJoinPool.commonPool-worker-5" daemon [_thread_blocked, id=7996, stack(0x000000fb88100000,0x000000fb88200000)]
  0x0000020ee3b29650 JavaThread "ForkJoinPool.commonPool-worker-7" daemon [_thread_blocked, id=24748, stack(0x000000fb88200000,0x000000fb88300000)]
  0x0000020ee3b2ae60 JavaThread "ForkJoinPool.commonPool-worker-6" daemon [_thread_blocked, id=15188, stack(0x000000fb88300000,0x000000fb88400000)]
  0x0000020ee5b06830 JavaThread "ForkJoinPool.commonPool-worker-8" daemon [_thread_blocked, id=13392, stack(0x000000fb88400000,0x000000fb88500000)]
  0x0000020ee5b08eb0 JavaThread "ForkJoinPool.commonPool-worker-9" daemon [_thread_blocked, id=4196, stack(0x000000fb88500000,0x000000fb88600000)]
  0x0000020ee5b071d0 JavaThread "ForkJoinPool.commonPool-worker-10" daemon [_thread_blocked, id=10368, stack(0x000000fb88600000,0x000000fb88700000)]
  0x0000020ee5b08510 JavaThread "ForkJoinPool.commonPool-worker-11" daemon [_thread_blocked, id=14796, stack(0x000000fb88700000,0x000000fb88800000)]
  0x0000020ee5b06d00 JavaThread "Exec process" daemon [_thread_blocked, id=21900, stack(0x000000fb88800000,0x000000fb88900000)]
  0x0000020ee5b05e90 JavaThread "ForkJoinPool.commonPool-worker-12" daemon [_thread_blocked, id=18108, stack(0x000000fb88900000,0x000000fb88a00000)]
  0x0000020ee5b089e0 JavaThread "Exec process Thread 2" daemon [_thread_blocked, id=11648, stack(0x000000fb88a00000,0x000000fb88b00000)]
  0x0000020ee5b02e70 JavaThread "Exec process Thread 3" daemon [_thread_blocked, id=24928, stack(0x000000fb88b00000,0x000000fb88c00000)]
  0x0000020ee5b029a0 JavaThread "ForkJoinPool.commonPool-worker-13" daemon [_thread_blocked, id=24632, stack(0x000000fb88c00000,0x000000fb88d00000)]
  0x0000020ee5b09850 JavaThread "ForkJoinPool.commonPool-worker-14" daemon [_thread_blocked, id=4900, stack(0x000000fb88d00000,0x000000fb88e00000)]
  0x0000020ee5b07b70 JavaThread "ForkJoinPool.commonPool-worker-15" daemon [_thread_blocked, id=16332, stack(0x000000fb88e00000,0x000000fb88f00000)]
  0x0000020ee5b04680 JavaThread "included builds" [_thread_blocked, id=20500, stack(0x000000fb88f00000,0x000000fb89000000)]
  0x0000020ee5b076a0 JavaThread "Execution worker" [_thread_blocked, id=22836, stack(0x000000fb89000000,0x000000fb89100000)]
  0x0000020ee5b02000 JavaThread "Execution worker Thread 2" [_thread_blocked, id=10412, stack(0x000000fb89100000,0x000000fb89200000)]
  0x0000020ee5b06360 JavaThread "Execution worker Thread 3" [_thread_blocked, id=17484, stack(0x000000fb89200000,0x000000fb89300000)]
  0x0000020ee5b024d0 JavaThread "Execution worker Thread 4" [_thread_blocked, id=12736, stack(0x000000fb89300000,0x000000fb89400000)]
  0x0000020ee5b04b50 JavaThread "Execution worker Thread 5" [_thread_blocked, id=25576, stack(0x000000fb89400000,0x000000fb89500000)]
  0x0000020ee5b03340 JavaThread "Execution worker Thread 6" [_thread_blocked, id=27940, stack(0x000000fb89500000,0x000000fb89600000)]
  0x0000020ee5b09380 JavaThread "Execution worker Thread 7" [_thread_blocked, id=1728, stack(0x000000fb89600000,0x000000fb89700000)]
  0x0000020ee5b08040 JavaThread "Execution worker Thread 8" [_thread_blocked, id=13124, stack(0x000000fb89700000,0x000000fb89800000)]
  0x0000020ee5b03810 JavaThread "Execution worker Thread 9" [_thread_blocked, id=21884, stack(0x000000fb89800000,0x000000fb89900000)]
  0x0000020ee5b054f0 JavaThread "Execution worker Thread 10" [_thread_blocked, id=22612, stack(0x000000fb89900000,0x000000fb89a00000)]
  0x0000020ee5b05020 JavaThread "Execution worker Thread 11" [_thread_blocked, id=20908, stack(0x000000fb89a00000,0x000000fb89b00000)]
  0x0000020ee5b03ce0 JavaThread "Execution worker Thread 12" [_thread_blocked, id=25904, stack(0x000000fb89b00000,0x000000fb89c00000)]
  0x0000020ee5b041b0 JavaThread "Execution worker Thread 13" [_thread_blocked, id=28424, stack(0x000000fb89c00000,0x000000fb89d00000)]
  0x0000020ee5b059c0 JavaThread "Execution worker Thread 14" [_thread_blocked, id=12008, stack(0x000000fb89d00000,0x000000fb89e00000)]
  0x0000020ee57433d0 JavaThread "Execution worker Thread 15" [_thread_blocked, id=8072, stack(0x000000fb89e00000,0x000000fb89f00000)]
  0x0000020ee5740d50 JavaThread "Cache worker for execution history cache (D:\Work Radio\FirstBall\firstball.app\node_modules\@react-native\gradle-plugin\.gradle\8.3\executionHistory)" [_thread_blocked, id=17004, stack(0x000000fb89f00000,0x000000fb8a000000)]
  0x0000020ee5742a30 JavaThread "Unconstrained build operations Thread 18" [_thread_blocked, id=12724, stack(0x000000fb8a000000,0x000000fb8a100000)]
  0x0000020ee5741220 JavaThread "Unconstrained build operations Thread 19" [_thread_blocked, id=18660, stack(0x000000fb8a100000,0x000000fb8a200000)]
  0x0000020ee57438a0 JavaThread "Unconstrained build operations Thread 20" [_thread_blocked, id=26992, stack(0x000000fb8a200000,0x000000fb8a300000)]
  0x0000020ee5747260 JavaThread "Unconstrained build operations Thread 21" [_thread_blocked, id=7040, stack(0x000000fb8a300000,0x000000fb8a400000)]
  0x0000020ee5744710 JavaThread "Unconstrained build operations Thread 22" [_thread_blocked, id=21776, stack(0x000000fb8a400000,0x000000fb8a500000)]
  0x0000020ee5742f00 JavaThread "Unconstrained build operations Thread 23" [_thread_blocked, id=25100, stack(0x000000fb8a500000,0x000000fb8a600000)]
  0x0000020ee5744240 JavaThread "Unconstrained build operations Thread 24" [_thread_blocked, id=16232, stack(0x000000fb8a600000,0x000000fb8a700000)]
  0x0000020ee57450b0 JavaThread "Unconstrained build operations Thread 25" [_thread_blocked, id=22420, stack(0x000000fb8a700000,0x000000fb8a800000)]
  0x0000020ee57480d0 JavaThread "Unconstrained build operations Thread 26" [_thread_blocked, id=9796, stack(0x000000fb8a800000,0x000000fb8a900000)]
  0x0000020ee5747c00 JavaThread "Unconstrained build operations Thread 27" [_thread_blocked, id=21688, stack(0x000000fb8a900000,0x000000fb8aa00000)]
  0x0000020ee57416f0 JavaThread "Unconstrained build operations Thread 28" [_thread_blocked, id=13900, stack(0x000000fb8aa00000,0x000000fb8ab00000)]
  0x0000020ee5741bc0 JavaThread "Unconstrained build operations Thread 29" [_thread_blocked, id=12972, stack(0x000000fb8ab00000,0x000000fb8ac00000)]
  0x0000020ee57485a0 JavaThread "Unconstrained build operations Thread 30" [_thread_blocked, id=3656, stack(0x000000fb8ac00000,0x000000fb8ad00000)]
  0x0000020ee5743d70 JavaThread "Unconstrained build operations Thread 31" [_thread_blocked, id=10292, stack(0x000000fb8ad00000,0x000000fb8ae00000)]
  0x0000020ee5744be0 JavaThread "Unconstrained build operations Thread 32" [_thread_blocked, id=7972, stack(0x000000fb8ae00000,0x000000fb8af00000)]
  0x0000020ee5742090 JavaThread "Unconstrained build operations Thread 33" [_thread_blocked, id=24032, stack(0x000000fb8af00000,0x000000fb8b000000)]
  0x0000020ee5742560 JavaThread "Unconstrained build operations Thread 34" [_thread_blocked, id=26124, stack(0x000000fb8b000000,0x000000fb8b100000)]
  0x0000020ee5745580 JavaThread "Unconstrained build operations Thread 35" [_thread_blocked, id=28588, stack(0x000000fb8b100000,0x000000fb8b200000)]
  0x0000020ee5745a50 JavaThread "Unconstrained build operations Thread 36" [_thread_blocked, id=6140, stack(0x000000fb8b200000,0x000000fb8b300000)]
  0x0000020ee5745f20 JavaThread "Unconstrained build operations Thread 37" [_thread_blocked, id=18436, stack(0x000000fb8b300000,0x000000fb8b400000)]
  0x0000020ee57463f0 JavaThread "Unconstrained build operations Thread 38" [_thread_blocked, id=6792, stack(0x000000fb8b400000,0x000000fb8b500000)]
  0x0000020ee57468c0 JavaThread "Unconstrained build operations Thread 39" [_thread_blocked, id=22508, stack(0x000000fb8b500000,0x000000fb8b600000)]
  0x0000020ee5746d90 JavaThread "Unconstrained build operations Thread 40" [_thread_blocked, id=26004, stack(0x000000fb8b600000,0x000000fb8b700000)]
  0x0000020ee6e17700 JavaThread "Unconstrained build operations Thread 41" [_thread_blocked, id=21388, stack(0x000000fb8b700000,0x000000fb8b800000)]
  0x0000020ee6e18f10 JavaThread "Unconstrained build operations Thread 42" [_thread_blocked, id=25436, stack(0x000000fb8b800000,0x000000fb8b900000)]
  0x0000020ee6e12530 JavaThread "Unconstrained build operations Thread 43" [_thread_blocked, id=18236, stack(0x000000fb8b900000,0x000000fb8ba00000)]
  0x0000020ee6e16890 JavaThread "Unconstrained build operations Thread 44" [_thread_blocked, id=25664, stack(0x000000fb8ba00000,0x000000fb8bb00000)]
  0x0000020ee6e17bd0 JavaThread "Unconstrained build operations Thread 45" [_thread_blocked, id=14256, stack(0x000000fb8bb00000,0x000000fb8bc00000)]
  0x0000020ee6e18570 JavaThread "Unconstrained build operations Thread 46" [_thread_blocked, id=25244, stack(0x000000fb8bc00000,0x000000fb8bd00000)]
  0x0000020ee6e193e0 JavaThread "Unconstrained build operations Thread 47" [_thread_blocked, id=2192, stack(0x000000fb8bd00000,0x000000fb8be00000)]
  0x0000020ee6e18a40 JavaThread "Unconstrained build operations Thread 48" [_thread_blocked, id=18776, stack(0x000000fb8be00000,0x000000fb8bf00000)]
  0x0000020ee6e13d40 JavaThread "Unconstrained build operations Thread 49" [_thread_blocked, id=24352, stack(0x000000fb8bf00000,0x000000fb8c000000)]
  0x0000020ee1fa8690 JavaThread "C1 CompilerThread1" daemon [_thread_blocked, id=26176, stack(0x000000fb83c00000,0x000000fb83d00000)]
  0x0000020ee1fa9fe0 JavaThread "C1 CompilerThread2" daemon [_thread_blocked, id=368, stack(0x000000fb85600000,0x000000fb85700000)]

Other Threads:
=>0x0000020edbd49010 VMThread "VM Thread" [stack: 0x000000fb82800000,0x000000fb82900000] [id=23740]
  0x0000020ebae158d0 WatcherThread [stack: 0x000000fb83600000,0x000000fb83700000] [id=9412]
  0x0000020ebae71860 GCTaskThread "GC Thread#0" [stack: 0x000000fb82300000,0x000000fb82400000] [id=3392]
  0x0000020ee103aaf0 GCTaskThread "GC Thread#1" [stack: 0x000000fb83700000,0x000000fb83800000] [id=24884]
  0x0000020ee0e0bc60 GCTaskThread "GC Thread#2" [stack: 0x000000fb83800000,0x000000fb83900000] [id=26116]
  0x0000020ee0da8760 GCTaskThread "GC Thread#3" [stack: 0x000000fb83900000,0x000000fb83a00000] [id=26688]
  0x0000020ee0da1570 GCTaskThread "GC Thread#4" [stack: 0x000000fb83a00000,0x000000fb83b00000] [id=22848]
  0x0000020ee243b980 GCTaskThread "GC Thread#5" [stack: 0x000000fb84900000,0x000000fb84a00000] [id=24960]
  0x0000020ee2049020 GCTaskThread "GC Thread#6" [stack: 0x000000fb84a00000,0x000000fb84b00000] [id=24476]
  0x0000020ee14d20a0 GCTaskThread "GC Thread#7" [stack: 0x000000fb84b00000,0x000000fb84c00000] [id=14192]
  0x0000020ee243c050 GCTaskThread "GC Thread#8" [stack: 0x000000fb84c00000,0x000000fb84d00000] [id=28020]
  0x0000020ee2261e00 GCTaskThread "GC Thread#9" [stack: 0x000000fb84d00000,0x000000fb84e00000] [id=21396]
  0x0000020ee22615f0 GCTaskThread "GC Thread#10" [stack: 0x000000fb84e00000,0x000000fb84f00000] [id=20576]
  0x0000020ee2262610 GCTaskThread "GC Thread#11" [stack: 0x000000fb84f00000,0x000000fb85000000] [id=1660]
  0x0000020ee2261b50 GCTaskThread "GC Thread#12" [stack: 0x000000fb85000000,0x000000fb85100000] [id=26560]
  0x0000020ebae827a0 ConcurrentGCThread "G1 Main Marker" [stack: 0x000000fb82400000,0x000000fb82500000] [id=17020]
  0x0000020ebae831b0 ConcurrentGCThread "G1 Conc#0" [stack: 0x000000fb82500000,0x000000fb82600000] [id=24040]
  0x0000020ee22620b0 ConcurrentGCThread "G1 Conc#1" [stack: 0x000000fb84800000,0x000000fb84900000] [id=28152]
  0x0000020ee22628c0 ConcurrentGCThread "G1 Conc#2" [stack: 0x000000fb85400000,0x000000fb85500000] [id=3812]
  0x0000020ebaecde40 ConcurrentGCThread "G1 Refine#0" [stack: 0x000000fb82600000,0x000000fb82700000] [id=12688]
  0x0000020ebaece860 ConcurrentGCThread "G1 Service" [stack: 0x000000fb82700000,0x000000fb82800000] [id=15120]

Threads with active compile tasks:
C2 CompilerThread0   160677 11757       4       org.gradle.internal.instantiation.generator.AbstractClassGenerator$InjectionAnnotationValidator::validateMethod (502 bytes)

VM state: at safepoint (normal execution)

VM Mutex/Monitor currently owned by a thread:  ([mutex/lock_event])
[0x0000020ebae0f970] Threads_lock - owner thread: 0x0000020edbd49010
[0x0000020ebae0fc40] Heap_lock - owner thread: 0x0000020ee2615c70

Heap address: 0x0000000080000000, size: 2048 MB, Compressed Oops mode: 32-bit

CDS archive(s) mapped at: [0x0000000800000000-0x0000000800bc0000-0x0000000800bc0000), size 12320768, SharedBaseAddress: 0x0000000800000000, ArchiveRelocationMode: 0.
Compressed class space mapped at: 0x0000000801000000-0x000000081b000000, reserved size: 436207616
Narrow klass base: 0x0000000800000000, Narrow klass shift: 0, Narrow klass range: 0x100000000

GC Precious Log:
 CPUs: 16 total, 16 available
 Memory: 7598M
 Large Page Support: Disabled
 NUMA Support: Disabled
 Compressed Oops: Enabled (32-bit)
 Heap Region Size: 1M
 Heap Min Capacity: 8M
 Heap Initial Capacity: 120M
 Heap Max Capacity: 2G
 Pre-touch: Disabled
 Parallel Workers: 13
 Concurrent Workers: 3
 Concurrent Refinement Workers: 13
 Periodic GC: Disabled

Heap:
 garbage-first heap   total 196608K, used 102400K [0x0000000080000000, 0x0000000100000000)
  region size 1024K, 5 young (5120K), 5 survivors (5120K)
 Metaspace       used 89474K, committed 90432K, reserved 557056K
  class space    used 12593K, committed 13056K, reserved 425984K

Heap Regions: E=young(eden), S=young(survivor), O=old, HS=humongous(starts), HC=humongous(continues), CS=collection set, F=free, OA=open archive, CA=closed archive, TAMS=top-at-mark-start (previous, next)
|   0|0x0000000080000000, 0x0000000080100000, 0x0000000080100000|100%|HS|  |TAMS 0x0000000080100000, 0x0000000080100000| Complete 
|   1|0x0000000080100000, 0x0000000080200000, 0x0000000080200000|100%|HC|  |TAMS 0x0000000080200000, 0x0000000080200000| Complete 
|   2|0x0000000080200000, 0x0000000080300000, 0x0000000080300000|100%|HC|  |TAMS 0x0000000080300000, 0x0000000080300000| Complete 
|   3|0x0000000080300000, 0x0000000080400000, 0x0000000080400000|100%|HC|  |TAMS 0x0000000080400000, 0x0000000080400000| Complete 
|   4|0x0000000080400000, 0x0000000080400000, 0x0000000080500000|  0%| F|  |TAMS 0x0000000080400000, 0x0000000080400000| Untracked 
|   5|0x0000000080500000, 0x0000000080600000, 0x0000000080600000|100%| O|  |TAMS 0x0000000080600000, 0x0000000080600000| Untracked 
|   6|0x0000000080600000, 0x0000000080700000, 0x0000000080700000|100%| O|  |TAMS 0x0000000080700000, 0x0000000080700000| Untracked 
|   7|0x0000000080700000, 0x0000000080800000, 0x0000000080800000|100%| O|  |TAMS 0x0000000080800000, 0x0000000080800000| Untracked 
|   8|0x0000000080800000, 0x0000000080900000, 0x0000000080900000|100%| O|  |TAMS 0x0000000080900000, 0x0000000080900000| Untracked 
|   9|0x0000000080900000, 0x0000000080a00000, 0x0000000080a00000|100%| O|  |TAMS 0x0000000080a00000, 0x0000000080a00000| Untracked 
|  10|0x0000000080a00000, 0x0000000080b00000, 0x0000000080b00000|100%| O|  |TAMS 0x0000000080b00000, 0x0000000080b00000| Untracked 
|  11|0x0000000080b00000, 0x0000000080c00000, 0x0000000080c00000|100%| O|  |TAMS 0x0000000080c00000, 0x0000000080c00000| Untracked 
|  12|0x0000000080c00000, 0x0000000080d00000, 0x0000000080d00000|100%| O|  |TAMS 0x0000000080d00000, 0x0000000080d00000| Untracked 
|  13|0x0000000080d00000, 0x0000000080e00000, 0x0000000080e00000|100%| O|  |TAMS 0x0000000080e00000, 0x0000000080e00000| Untracked 
|  14|0x0000000080e00000, 0x0000000080f00000, 0x0000000080f00000|100%| O|  |TAMS 0x0000000080f00000, 0x0000000080f00000| Untracked 
|  15|0x0000000080f00000, 0x0000000081000000, 0x0000000081000000|100%| O|  |TAMS 0x0000000081000000, 0x0000000081000000| Untracked 
|  16|0x0000000081000000, 0x0000000081100000, 0x0000000081100000|100%| O|  |TAMS 0x0000000081100000, 0x0000000081100000| Untracked 
|  17|0x0000000081100000, 0x0000000081200000, 0x0000000081200000|100%| O|  |TAMS 0x0000000081200000, 0x0000000081200000| Untracked 
|  18|0x0000000081200000, 0x0000000081300000, 0x0000000081300000|100%| O|  |TAMS 0x0000000081300000, 0x0000000081300000| Untracked 
|  19|0x0000000081300000, 0x0000000081400000, 0x0000000081400000|100%| O|  |TAMS 0x0000000081400000, 0x0000000081400000| Untracked 
|  20|0x0000000081400000, 0x0000000081500000, 0x0000000081500000|100%| O|  |TAMS 0x0000000081500000, 0x0000000081500000| Untracked 
|  21|0x0000000081500000, 0x0000000081600000, 0x0000000081600000|100%| O|  |TAMS 0x0000000081600000, 0x0000000081600000| Untracked 
|  22|0x0000000081600000, 0x0000000081700000, 0x0000000081700000|100%| O|  |TAMS 0x0000000081700000, 0x0000000081700000| Untracked 
|  23|0x0000000081700000, 0x0000000081800000, 0x0000000081800000|100%| O|  |TAMS 0x0000000081800000, 0x0000000081800000| Untracked 
|  24|0x0000000081800000, 0x0000000081900000, 0x0000000081900000|100%| O|  |TAMS 0x0000000081900000, 0x0000000081900000| Untracked 
|  25|0x0000000081900000, 0x0000000081a00000, 0x0000000081a00000|100%| O|  |TAMS 0x0000000081a00000, 0x0000000081a00000| Untracked 
|  26|0x0000000081a00000, 0x0000000081b00000, 0x0000000081b00000|100%| O|  |TAMS 0x0000000081b00000, 0x0000000081b00000| Untracked 
|  27|0x0000000081b00000, 0x0000000081c00000, 0x0000000081c00000|100%| O|  |TAMS 0x0000000081c00000, 0x0000000081c00000| Untracked 
|  28|0x0000000081c00000, 0x0000000081d00000, 0x0000000081d00000|100%| O|  |TAMS 0x0000000081d00000, 0x0000000081d00000| Untracked 
|  29|0x0000000081d00000, 0x0000000081e00000, 0x0000000081e00000|100%| O|  |TAMS 0x0000000081e00000, 0x0000000081e00000| Untracked 
|  30|0x0000000081e00000, 0x0000000081f00000, 0x0000000081f00000|100%| O|  |TAMS 0x0000000081f00000, 0x0000000081f00000| Untracked 
|  31|0x0000000081f00000, 0x0000000082000000, 0x0000000082000000|100%| O|  |TAMS 0x0000000082000000, 0x0000000082000000| Untracked 
|  32|0x0000000082000000, 0x0000000082100000, 0x0000000082100000|100%| O|  |TAMS 0x0000000082100000, 0x0000000082100000| Untracked 
|  33|0x0000000082100000, 0x0000000082200000, 0x0000000082200000|100%| O|  |TAMS 0x0000000082200000, 0x0000000082200000| Untracked 
|  34|0x0000000082200000, 0x0000000082300000, 0x0000000082300000|100%| O|  |TAMS 0x0000000082300000, 0x0000000082300000| Untracked 
|  35|0x0000000082300000, 0x0000000082400000, 0x0000000082400000|100%|HS|  |TAMS 0x0000000082400000, 0x0000000082400000| Complete 
|  36|0x0000000082400000, 0x0000000082500000, 0x0000000082500000|100%|HC|  |TAMS 0x0000000082500000, 0x0000000082500000| Complete 
|  37|0x0000000082500000, 0x0000000082600000, 0x0000000082600000|100%|HS|  |TAMS 0x0000000082600000, 0x0000000082600000| Complete 
|  38|0x0000000082600000, 0x0000000082700000, 0x0000000082700000|100%|HC|  |TAMS 0x0000000082700000, 0x0000000082700000| Complete 
|  39|0x0000000082700000, 0x0000000082800000, 0x0000000082800000|100%|HS|  |TAMS 0x0000000082800000, 0x0000000082800000| Complete 
|  40|0x0000000082800000, 0x0000000082900000, 0x0000000082900000|100%|HC|  |TAMS 0x0000000082900000, 0x0000000082900000| Complete 
|  41|0x0000000082900000, 0x0000000082a00000, 0x0000000082a00000|100%|HC|  |TAMS 0x0000000082a00000, 0x0000000082a00000| Complete 
|  42|0x0000000082a00000, 0x0000000082b00000, 0x0000000082b00000|100%|HC|  |TAMS 0x0000000082b00000, 0x0000000082b00000| Complete 
|  43|0x0000000082b00000, 0x0000000082c00000, 0x0000000082c00000|100%| O|  |TAMS 0x0000000082c00000, 0x0000000082c00000| Untracked 
|  44|0x0000000082c00000, 0x0000000082d00000, 0x0000000082d00000|100%| O|  |TAMS 0x0000000082d00000, 0x0000000082d00000| Untracked 
|  45|0x0000000082d00000, 0x0000000082e00000, 0x0000000082e00000|100%| O|  |TAMS 0x0000000082e00000, 0x0000000082e00000| Untracked 
|  46|0x0000000082e00000, 0x0000000082f00000, 0x0000000082f00000|100%| O|  |TAMS 0x0000000082f00000, 0x0000000082f00000| Untracked 
|  47|0x0000000082f00000, 0x0000000083000000, 0x0000000083000000|100%| O|  |TAMS 0x0000000083000000, 0x0000000083000000| Untracked 
|  48|0x0000000083000000, 0x0000000083100000, 0x0000000083100000|100%| O|  |TAMS 0x0000000083100000, 0x0000000083100000| Untracked 
|  49|0x0000000083100000, 0x0000000083200000, 0x0000000083200000|100%| O|  |TAMS 0x0000000083200000, 0x0000000083200000| Untracked 
|  50|0x0000000083200000, 0x0000000083300000, 0x0000000083300000|100%| O|  |TAMS 0x0000000083300000, 0x0000000083300000| Untracked 
|  51|0x0000000083300000, 0x0000000083400000, 0x0000000083400000|100%| O|  |TAMS 0x0000000083400000, 0x0000000083400000| Untracked 
|  52|0x0000000083400000, 0x0000000083500000, 0x0000000083500000|100%| O|  |TAMS 0x0000000083500000, 0x0000000083500000| Untracked 
|  53|0x0000000083500000, 0x0000000083600000, 0x0000000083600000|100%| O|  |TAMS 0x0000000083600000, 0x0000000083600000| Untracked 
|  54|0x0000000083600000, 0x0000000083700000, 0x0000000083700000|100%| O|  |TAMS 0x0000000083700000, 0x0000000083700000| Untracked 
|  55|0x0000000083700000, 0x0000000083800000, 0x0000000083800000|100%|HS|  |TAMS 0x0000000083800000, 0x0000000083800000| Complete 
|  56|0x0000000083800000, 0x0000000083900000, 0x0000000083900000|100%|HC|  |TAMS 0x0000000083900000, 0x0000000083900000| Complete 
|  57|0x0000000083900000, 0x0000000083a00000, 0x0000000083a00000|100%|HC|  |TAMS 0x0000000083a00000, 0x0000000083a00000| Complete 
|  58|0x0000000083a00000, 0x0000000083b00000, 0x0000000083b00000|100%|HC|  |TAMS 0x0000000083b00000, 0x0000000083b00000| Complete 
|  59|0x0000000083b00000, 0x0000000083c00000, 0x0000000083c00000|100%| O|  |TAMS 0x0000000083c00000, 0x0000000083c00000| Untracked 
|  60|0x0000000083c00000, 0x0000000083d00000, 0x0000000083d00000|100%| O|  |TAMS 0x0000000083d00000, 0x0000000083d00000| Untracked 
|  61|0x0000000083d00000, 0x0000000083e00000, 0x0000000083e00000|100%| O|  |TAMS 0x0000000083e00000, 0x0000000083e00000| Untracked 
|  62|0x0000000083e00000, 0x0000000083f00000, 0x0000000083f00000|100%| O|  |TAMS 0x0000000083f00000, 0x0000000083f00000| Untracked 
|  63|0x0000000083f00000, 0x0000000084000000, 0x0000000084000000|100%| O|  |TAMS 0x0000000084000000, 0x0000000084000000| Untracked 
|  64|0x0000000084000000, 0x0000000084100000, 0x0000000084100000|100%| O|  |TAMS 0x0000000084100000, 0x0000000084100000| Untracked 
|  65|0x0000000084100000, 0x0000000084200000, 0x0000000084200000|100%| O|  |TAMS 0x0000000084200000, 0x0000000084200000| Untracked 
|  66|0x0000000084200000, 0x0000000084300000, 0x0000000084300000|100%| O|  |TAMS 0x0000000084300000, 0x0000000084300000| Untracked 
|  67|0x0000000084300000, 0x0000000084400000, 0x0000000084400000|100%| O|  |TAMS 0x0000000084400000, 0x0000000084400000| Untracked 
|  68|0x0000000084400000, 0x0000000084500000, 0x0000000084500000|100%|HS|  |TAMS 0x0000000084500000, 0x0000000084500000| Complete 
|  69|0x0000000084500000, 0x0000000084600000, 0x0000000084600000|100%|HS|  |TAMS 0x0000000084600000, 0x0000000084600000| Complete 
|  70|0x0000000084600000, 0x0000000084700000, 0x0000000084700000|100%|HS|  |TAMS 0x0000000084700000, 0x0000000084700000| Complete 
|  71|0x0000000084700000, 0x0000000084800000, 0x0000000084800000|100%| O|  |TAMS 0x0000000084800000, 0x0000000084800000| Untracked 
|  72|0x0000000084800000, 0x0000000084900000, 0x0000000084900000|100%| O|  |TAMS 0x0000000084900000, 0x0000000084900000| Untracked 
|  73|0x0000000084900000, 0x0000000084a00000, 0x0000000084a00000|100%| O|  |TAMS 0x0000000084a00000, 0x0000000084a00000| Untracked 
|  74|0x0000000084a00000, 0x0000000084b00000, 0x0000000084b00000|100%|HS|  |TAMS 0x0000000084b00000, 0x0000000084b00000| Complete 
|  75|0x0000000084b00000, 0x0000000084c00000, 0x0000000084c00000|100%| O|  |TAMS 0x0000000084c00000, 0x0000000084c00000| Untracked 
|  76|0x0000000084c00000, 0x0000000084d00000, 0x0000000084d00000|100%| O|  |TAMS 0x0000000084d00000, 0x0000000084d00000| Untracked 
|  77|0x0000000084d00000, 0x0000000084e00000, 0x0000000084e00000|100%| O|  |TAMS 0x0000000084e00000, 0x0000000084e00000| Untracked 
|  78|0x0000000084e00000, 0x0000000084f00000, 0x0000000084f00000|100%| O|  |TAMS 0x0000000084f00000, 0x0000000084f00000| Untracked 
|  79|0x0000000084f00000, 0x0000000085000000, 0x0000000085000000|100%| O|  |TAMS 0x0000000085000000, 0x0000000085000000| Untracked 
|  80|0x0000000085000000, 0x0000000085100000, 0x0000000085100000|100%| O|  |TAMS 0x0000000085100000, 0x0000000085100000| Untracked 
|  81|0x0000000085100000, 0x0000000085200000, 0x0000000085200000|100%| O|  |TAMS 0x0000000085200000, 0x0000000085200000| Untracked 
|  82|0x0000000085200000, 0x0000000085300000, 0x0000000085300000|100%| O|  |TAMS 0x0000000085300000, 0x0000000085300000| Untracked 
|  83|0x0000000085300000, 0x0000000085400000, 0x0000000085400000|100%| O|  |TAMS 0x0000000085400000, 0x0000000085400000| Untracked 
|  84|0x0000000085400000, 0x0000000085500000, 0x0000000085500000|100%| O|  |TAMS 0x0000000085500000, 0x0000000085500000| Untracked 
|  85|0x0000000085500000, 0x0000000085600000, 0x0000000085600000|100%| O|  |TAMS 0x0000000085600000, 0x0000000085600000| Untracked 
|  86|0x0000000085600000, 0x0000000085700000, 0x0000000085700000|100%| O|  |TAMS 0x0000000085600000, 0x0000000085700000| Untracked 
|  87|0x0000000085700000, 0x0000000085800000, 0x0000000085800000|100%| O|  |TAMS 0x0000000085800000, 0x0000000085800000| Untracked 
|  88|0x0000000085800000, 0x0000000085900000, 0x0000000085900000|100%| O|  |TAMS 0x0000000085800000, 0x0000000085900000| Untracked 
|  89|0x0000000085900000, 0x0000000085a00000, 0x0000000085a00000|100%| O|  |TAMS 0x0000000085905e00, 0x0000000085a00000| Untracked 
|  90|0x0000000085a00000, 0x0000000085b00000, 0x0000000085b00000|100%| O|  |TAMS 0x0000000085a00000, 0x0000000085b00000| Untracked 
|  91|0x0000000085b00000, 0x0000000085c00000, 0x0000000085c00000|100%| O|  |TAMS 0x0000000085b00000, 0x0000000085c00000| Untracked 
|  92|0x0000000085c00000, 0x0000000085d00000, 0x0000000085d00000|100%| O|  |TAMS 0x0000000085c00000, 0x0000000085d00000| Untracked 
|  93|0x0000000085d00000, 0x0000000085e00000, 0x0000000085e00000|100%| O|  |TAMS 0x0000000085d00000, 0x0000000085e00000| Untracked 
|  94|0x0000000085e00000, 0x0000000085f00000, 0x0000000085f00000|100%| O|  |TAMS 0x0000000085e00000, 0x0000000085f00000| Untracked 
|  95|0x0000000085f00000, 0x0000000086000000, 0x0000000086000000|100%| O|  |TAMS 0x0000000085f00000, 0x0000000086000000| Untracked 
|  96|0x0000000086000000, 0x00000000860ad600, 0x0000000086100000| 67%| O|  |TAMS 0x0000000086000000, 0x00000000860ad600| Untracked 
|  97|0x0000000086100000, 0x0000000086100000, 0x0000000086200000|  0%| F|  |TAMS 0x0000000086100000, 0x0000000086100000| Untracked 
|  98|0x0000000086200000, 0x0000000086200000, 0x0000000086300000|  0%| F|  |TAMS 0x0000000086200000, 0x0000000086200000| Untracked 
|  99|0x0000000086300000, 0x0000000086300000, 0x0000000086400000|  0%| F|  |TAMS 0x0000000086300000, 0x0000000086300000| Untracked 
| 100|0x0000000086400000, 0x0000000086400000, 0x0000000086500000|  0%| F|  |TAMS 0x0000000086400000, 0x0000000086400000| Untracked 
| 101|0x0000000086500000, 0x0000000086500000, 0x0000000086600000|  0%| F|  |TAMS 0x0000000086500000, 0x0000000086500000| Untracked 
| 102|0x0000000086600000, 0x0000000086600000, 0x0000000086700000|  0%| F|  |TAMS 0x0000000086600000, 0x0000000086600000| Untracked 
| 103|0x0000000086700000, 0x0000000086700000, 0x0000000086800000|  0%| F|  |TAMS 0x0000000086700000, 0x0000000086700000| Untracked 
| 104|0x0000000086800000, 0x0000000086800000, 0x0000000086900000|  0%| F|  |TAMS 0x0000000086800000, 0x0000000086800000| Untracked 
| 105|0x0000000086900000, 0x0000000086900000, 0x0000000086a00000|  0%| F|  |TAMS 0x0000000086900000, 0x0000000086900000| Untracked 
| 106|0x0000000086a00000, 0x0000000086a00000, 0x0000000086b00000|  0%| F|  |TAMS 0x0000000086a00000, 0x0000000086a00000| Untracked 
| 107|0x0000000086b00000, 0x0000000086b00000, 0x0000000086c00000|  0%| F|  |TAMS 0x0000000086b00000, 0x0000000086b00000| Untracked 
| 108|0x0000000086c00000, 0x0000000086c00000, 0x0000000086d00000|  0%| F|  |TAMS 0x0000000086c00000, 0x0000000086c00000| Untracked 
| 109|0x0000000086d00000, 0x0000000086d00000, 0x0000000086e00000|  0%| F|  |TAMS 0x0000000086d00000, 0x0000000086d00000| Untracked 
| 110|0x0000000086e00000, 0x0000000086e00000, 0x0000000086f00000|  0%| F|  |TAMS 0x0000000086e00000, 0x0000000086e00000| Untracked 
| 111|0x0000000086f00000, 0x0000000086f00000, 0x0000000087000000|  0%| F|  |TAMS 0x0000000086f00000, 0x0000000086f00000| Untracked 
| 112|0x0000000087000000, 0x0000000087000000, 0x0000000087100000|  0%| F|  |TAMS 0x0000000087000000, 0x0000000087000000| Untracked 
| 113|0x0000000087100000, 0x0000000087100000, 0x0000000087200000|  0%| F|  |TAMS 0x0000000087100000, 0x0000000087100000| Untracked 
| 114|0x0000000087200000, 0x0000000087200000, 0x0000000087300000|  0%| F|  |TAMS 0x0000000087200000, 0x0000000087200000| Untracked 
| 115|0x0000000087300000, 0x0000000087300000, 0x0000000087400000|  0%| F|  |TAMS 0x0000000087300000, 0x0000000087300000| Untracked 
| 116|0x0000000087400000, 0x0000000087400000, 0x0000000087500000|  0%| F|  |TAMS 0x0000000087400000, 0x0000000087400000| Untracked 
| 117|0x0000000087500000, 0x0000000087500000, 0x0000000087600000|  0%| F|  |TAMS 0x0000000087500000, 0x0000000087500000| Untracked 
| 118|0x0000000087600000, 0x0000000087600000, 0x0000000087700000|  0%| F|  |TAMS 0x0000000087600000, 0x0000000087600000| Untracked 
| 119|0x0000000087700000, 0x0000000087700000, 0x0000000087800000|  0%| F|  |TAMS 0x0000000087700000, 0x0000000087700000| Untracked 
| 120|0x0000000087800000, 0x0000000087800000, 0x0000000087900000|  0%| F|  |TAMS 0x0000000087800000, 0x0000000087800000| Untracked 
| 121|0x0000000087900000, 0x0000000087900000, 0x0000000087a00000|  0%| F|  |TAMS 0x0000000087900000, 0x0000000087900000| Untracked 
| 122|0x0000000087a00000, 0x0000000087a00000, 0x0000000087b00000|  0%| F|  |TAMS 0x0000000087a00000, 0x0000000087a00000| Untracked 
| 123|0x0000000087b00000, 0x0000000087b00000, 0x0000000087c00000|  0%| F|  |TAMS 0x0000000087b00000, 0x0000000087b00000| Untracked 
| 124|0x0000000087c00000, 0x0000000087c00000, 0x0000000087d00000|  0%| F|  |TAMS 0x0000000087c00000, 0x0000000087c00000| Untracked 
| 125|0x0000000087d00000, 0x0000000087d00000, 0x0000000087e00000|  0%| F|  |TAMS 0x0000000087d00000, 0x0000000087d00000| Untracked 
| 126|0x0000000087e00000, 0x0000000087e00000, 0x0000000087f00000|  0%| F|  |TAMS 0x0000000087e00000, 0x0000000087e00000| Untracked 
| 127|0x0000000087f00000, 0x0000000087f00000, 0x0000000088000000|  0%| F|  |TAMS 0x0000000087f00000, 0x0000000087f00000| Untracked 
| 128|0x0000000088000000, 0x0000000088000000, 0x0000000088100000|  0%| F|  |TAMS 0x0000000088000000, 0x0000000088000000| Untracked 
| 129|0x0000000088100000, 0x0000000088100000, 0x0000000088200000|  0%| F|  |TAMS 0x0000000088100000, 0x0000000088100000| Untracked 
| 130|0x0000000088200000, 0x0000000088252d00, 0x0000000088300000| 32%| S|CS|TAMS 0x0000000088200000, 0x0000000088200000| Complete 
| 131|0x0000000088300000, 0x0000000088400000, 0x0000000088400000|100%| S|CS|TAMS 0x0000000088300000, 0x0000000088300000| Complete 
| 132|0x0000000088400000, 0x0000000088500000, 0x0000000088500000|100%| S|CS|TAMS 0x0000000088400000, 0x0000000088400000| Complete 
| 133|0x0000000088500000, 0x0000000088600000, 0x0000000088600000|100%| S|CS|TAMS 0x0000000088500000, 0x0000000088500000| Complete 
| 134|0x0000000088600000, 0x0000000088700000, 0x0000000088700000|100%| S|CS|TAMS 0x0000000088600000, 0x0000000088600000| Complete 
| 135|0x0000000088700000, 0x0000000088700000, 0x0000000088800000|  0%| F|  |TAMS 0x0000000088700000, 0x0000000088700000| Untracked 
| 136|0x0000000088800000, 0x0000000088800000, 0x0000000088900000|  0%| F|  |TAMS 0x0000000088800000, 0x0000000088800000| Untracked 
| 137|0x0000000088900000, 0x0000000088900000, 0x0000000088a00000|  0%| F|  |TAMS 0x0000000088900000, 0x0000000088900000| Untracked 
| 138|0x0000000088a00000, 0x0000000088a00000, 0x0000000088b00000|  0%| F|  |TAMS 0x0000000088a00000, 0x0000000088a00000| Untracked 
| 139|0x0000000088b00000, 0x0000000088b00000, 0x0000000088c00000|  0%| F|  |TAMS 0x0000000088b00000, 0x0000000088b00000| Untracked 
| 140|0x0000000088c00000, 0x0000000088c00000, 0x0000000088d00000|  0%| F|  |TAMS 0x0000000088c00000, 0x0000000088c00000| Untracked 
| 141|0x0000000088d00000, 0x0000000088d00000, 0x0000000088e00000|  0%| F|  |TAMS 0x0000000088d00000, 0x0000000088d00000| Untracked 
| 142|0x0000000088e00000, 0x0000000088e00000, 0x0000000088f00000|  0%| F|  |TAMS 0x0000000088e00000, 0x0000000088e00000| Untracked 
| 143|0x0000000088f00000, 0x0000000088f00000, 0x0000000089000000|  0%| F|  |TAMS 0x0000000088f00000, 0x0000000088f00000| Untracked 
| 144|0x0000000089000000, 0x0000000089000000, 0x0000000089100000|  0%| F|  |TAMS 0x0000000089000000, 0x0000000089000000| Untracked 
| 145|0x0000000089100000, 0x0000000089100000, 0x0000000089200000|  0%| F|  |TAMS 0x0000000089100000, 0x0000000089100000| Untracked 
| 146|0x0000000089200000, 0x0000000089200000, 0x0000000089300000|  0%| F|  |TAMS 0x0000000089200000, 0x0000000089200000| Untracked 
| 147|0x0000000089300000, 0x0000000089300000, 0x0000000089400000|  0%| F|  |TAMS 0x0000000089300000, 0x0000000089300000| Untracked 
| 148|0x0000000089400000, 0x0000000089400000, 0x0000000089500000|  0%| F|  |TAMS 0x0000000089400000, 0x0000000089400000| Untracked 
| 149|0x0000000089500000, 0x0000000089500000, 0x0000000089600000|  0%| F|  |TAMS 0x0000000089500000, 0x0000000089500000| Untracked 
| 150|0x0000000089600000, 0x0000000089600000, 0x0000000089700000|  0%| F|  |TAMS 0x0000000089600000, 0x0000000089600000| Untracked 
| 151|0x0000000089700000, 0x0000000089700000, 0x0000000089800000|  0%| F|  |TAMS 0x0000000089700000, 0x0000000089700000| Untracked 
| 152|0x0000000089800000, 0x0000000089800000, 0x0000000089900000|  0%| F|  |TAMS 0x0000000089800000, 0x0000000089800000| Untracked 
| 153|0x0000000089900000, 0x0000000089900000, 0x0000000089a00000|  0%| F|  |TAMS 0x0000000089900000, 0x0000000089900000| Untracked 
| 154|0x0000000089a00000, 0x0000000089a00000, 0x0000000089b00000|  0%| F|  |TAMS 0x0000000089a00000, 0x0000000089a00000| Untracked 
| 155|0x0000000089b00000, 0x0000000089b00000, 0x0000000089c00000|  0%| F|  |TAMS 0x0000000089b00000, 0x0000000089b00000| Untracked 
| 156|0x0000000089c00000, 0x0000000089c00000, 0x0000000089d00000|  0%| F|  |TAMS 0x0000000089c00000, 0x0000000089c00000| Untracked 
| 157|0x0000000089d00000, 0x0000000089d00000, 0x0000000089e00000|  0%| F|  |TAMS 0x0000000089d00000, 0x0000000089d00000| Untracked 
| 158|0x0000000089e00000, 0x0000000089e00000, 0x0000000089f00000|  0%| F|  |TAMS 0x0000000089e00000, 0x0000000089e00000| Untracked 
| 159|0x0000000089f00000, 0x0000000089f00000, 0x000000008a000000|  0%| F|  |TAMS 0x0000000089f00000, 0x0000000089f00000| Untracked 
| 160|0x000000008a000000, 0x000000008a000000, 0x000000008a100000|  0%| F|  |TAMS 0x000000008a000000, 0x000000008a000000| Untracked 
| 161|0x000000008a100000, 0x000000008a100000, 0x000000008a200000|  0%| F|  |TAMS 0x000000008a100000, 0x000000008a100000| Untracked 
| 162|0x000000008a200000, 0x000000008a200000, 0x000000008a300000|  0%| F|  |TAMS 0x000000008a200000, 0x000000008a200000| Untracked 
| 163|0x000000008a300000, 0x000000008a300000, 0x000000008a400000|  0%| F|  |TAMS 0x000000008a300000, 0x000000008a300000| Untracked 
| 164|0x000000008a400000, 0x000000008a400000, 0x000000008a500000|  0%| F|  |TAMS 0x000000008a400000, 0x000000008a400000| Untracked 
| 165|0x000000008a500000, 0x000000008a500000, 0x000000008a600000|  0%| F|  |TAMS 0x000000008a500000, 0x000000008a500000| Untracked 
| 166|0x000000008a600000, 0x000000008a600000, 0x000000008a700000|  0%| F|  |TAMS 0x000000008a600000, 0x000000008a600000| Untracked 
| 167|0x000000008a700000, 0x000000008a700000, 0x000000008a800000|  0%| F|  |TAMS 0x000000008a700000, 0x000000008a700000| Untracked 
| 168|0x000000008a800000, 0x000000008a800000, 0x000000008a900000|  0%| F|  |TAMS 0x000000008a800000, 0x000000008a800000| Untracked 
| 169|0x000000008a900000, 0x000000008a900000, 0x000000008aa00000|  0%| F|  |TAMS 0x000000008a900000, 0x000000008a900000| Untracked 
| 170|0x000000008aa00000, 0x000000008aa00000, 0x000000008ab00000|  0%| F|  |TAMS 0x000000008aa00000, 0x000000008aa00000| Untracked 
| 171|0x000000008ab00000, 0x000000008ab00000, 0x000000008ac00000|  0%| F|  |TAMS 0x000000008ab00000, 0x000000008ab00000| Untracked 
| 172|0x000000008ac00000, 0x000000008ac00000, 0x000000008ad00000|  0%| F|  |TAMS 0x000000008ac00000, 0x000000008ac00000| Untracked 
| 173|0x000000008ad00000, 0x000000008ad00000, 0x000000008ae00000|  0%| F|  |TAMS 0x000000008ad00000, 0x000000008ad00000| Untracked 
| 174|0x000000008ae00000, 0x000000008ae00000, 0x000000008af00000|  0%| F|  |TAMS 0x000000008ae00000, 0x000000008ae00000| Untracked 
| 175|0x000000008af00000, 0x000000008af00000, 0x000000008b000000|  0%| F|  |TAMS 0x000000008af00000, 0x000000008af00000| Untracked 
| 176|0x000000008b000000, 0x000000008b000000, 0x000000008b100000|  0%| F|  |TAMS 0x000000008b000000, 0x000000008b000000| Untracked 
| 177|0x000000008b100000, 0x000000008b100000, 0x000000008b200000|  0%| F|  |TAMS 0x000000008b100000, 0x000000008b100000| Untracked 
| 178|0x000000008b200000, 0x000000008b200000, 0x000000008b300000|  0%| F|  |TAMS 0x000000008b200000, 0x000000008b200000| Untracked 
| 179|0x000000008b300000, 0x000000008b300000, 0x000000008b400000|  0%| F|  |TAMS 0x000000008b300000, 0x000000008b300000| Untracked 
| 180|0x000000008b400000, 0x000000008b400000, 0x000000008b500000|  0%| F|  |TAMS 0x000000008b400000, 0x000000008b400000| Untracked 
| 181|0x000000008b500000, 0x000000008b500000, 0x000000008b600000|  0%| F|  |TAMS 0x000000008b500000, 0x000000008b500000| Untracked 
| 182|0x000000008b600000, 0x000000008b600000, 0x000000008b700000|  0%| F|  |TAMS 0x000000008b600000, 0x000000008b600000| Untracked 
| 183|0x000000008b700000, 0x000000008b700000, 0x000000008b800000|  0%| F|  |TAMS 0x000000008b700000, 0x000000008b700000| Untracked 
| 184|0x000000008b800000, 0x000000008b800000, 0x000000008b900000|  0%| F|  |TAMS 0x000000008b800000, 0x000000008b800000| Untracked 
| 185|0x000000008b900000, 0x000000008b900000, 0x000000008ba00000|  0%| F|  |TAMS 0x000000008b900000, 0x000000008b900000| Untracked 
| 186|0x000000008ba00000, 0x000000008ba00000, 0x000000008bb00000|  0%| F|  |TAMS 0x000000008ba00000, 0x000000008ba00000| Untracked 
| 187|0x000000008bb00000, 0x000000008bb00000, 0x000000008bc00000|  0%| F|  |TAMS 0x000000008bb00000, 0x000000008bb00000| Untracked 
| 188|0x000000008bc00000, 0x000000008bc00000, 0x000000008bd00000|  0%| F|  |TAMS 0x000000008bc00000, 0x000000008bc00000| Untracked 
| 189|0x000000008bd00000, 0x000000008bd00000, 0x000000008be00000|  0%| F|  |TAMS 0x000000008bd00000, 0x000000008bd00000| Untracked 
| 190|0x000000008be00000, 0x000000008be00000, 0x000000008bf00000|  0%| F|  |TAMS 0x000000008be00000, 0x000000008be00000| Untracked 
| 191|0x000000008bf00000, 0x000000008bf00000, 0x000000008c000000|  0%| F|  |TAMS 0x000000008bf00000, 0x000000008bf00000| Untracked 

Card table byte_map: [0x0000020ed44d0000,0x0000020ed48d0000] _byte_map_base: 0x0000020ed40d0000

Marking Bits (Prev, Next): (CMBitMap*) 0x0000020ebae71eb0, (CMBitMap*) 0x0000020ebae71e70
 Prev Bits: [0x0000020ed6cd0000, 0x0000020ed8cd0000)
 Next Bits: [0x0000020ed4cd0000, 0x0000020ed6cd0000)

Polling page: 0x0000020ebab70000

Metaspace:

Usage:
  Non-class:     75.08 MB used.
      Class:     12.30 MB used.
       Both:     87.38 MB used.

Virtual space:
  Non-class space:      128.00 MB reserved,      75.56 MB ( 59%) committed,  2 nodes.
      Class space:      416.00 MB reserved,      12.75 MB (  3%) committed,  1 nodes.
             Both:      544.00 MB reserved,      88.31 MB ( 16%) committed. 

Chunk freelists:
   Non-Class:  4.19 MB
       Class:  3.23 MB
        Both:  7.42 MB

MaxMetaspaceSize: 512.00 MB
CompressedClassSpaceSize: 416.00 MB
Initial GC threshold: 21.00 MB
Current GC threshold: 137.12 MB
CDS: on
MetaspaceReclaimPolicy: balanced
 - commit_granule_bytes: 65536.
 - commit_granule_words: 8192.
 - virtual_space_node_default_size: 8388608.
 - enlarge_chunks_in_place: 1.
 - new_chunks_are_fully_committed: 0.
 - uncommit_free_chunks: 1.
 - use_allocation_guard: 0.
 - handle_deallocations: 1.


Internal statistics:

num_allocs_failed_limit: 6.
num_arena_births: 1228.
num_arena_deaths: 0.
num_vsnodes_births: 3.
num_vsnodes_deaths: 0.
num_space_committed: 1413.
num_space_uncommitted: 0.
num_chunks_returned_to_freelist: 6.
num_chunks_taken_from_freelist: 5099.
num_chunk_merges: 3.
num_chunk_splits: 3302.
num_chunks_enlarged: 2098.
num_inconsistent_stats: 0.

CodeHeap 'non-profiled nmethods': size=119168Kb used=5228Kb max_used=5228Kb free=113939Kb
 bounds [0x0000020ecbca0000, 0x0000020ecc1c0000, 0x0000020ed3100000]
CodeHeap 'profiled nmethods': size=119104Kb used=21417Kb max_used=21417Kb free=97686Kb
 bounds [0x0000020ec4100000, 0x0000020ec55f0000, 0x0000020ecb550000]
CodeHeap 'non-nmethods': size=7488Kb used=3530Kb max_used=4029Kb free=3958Kb
 bounds [0x0000020ecb550000, 0x0000020ecb950000, 0x0000020ecbca0000]
 total_blobs=11315 nmethods=10382 adapters=843
 compilation: enabled
              stopped_count=0, restarted_count=0
 full_count=0

Compilation events (20 events):
Event: 160.578 Thread 0x0000020ee1fa8690 11804       3       org.gradle.internal.instantiation.generator.AsmBackedClassGenerator::access$4900 (5 bytes)
Event: 160.580 Thread 0x0000020ee1fa9fe0 nmethod 11799 0x0000020ec55d9b10 code [0x0000020ec55d9e40, 0x0000020ec55db0f8]
Event: 160.580 Thread 0x0000020ee1fa8690 nmethod 11804 0x0000020ec55db910 code [0x0000020ec55dbc20, 0x0000020ec55dcfa8]
Event: 160.580 Thread 0x0000020ee1fa9fe0 11806       3       java.lang.invoke.BootstrapMethodInvoker::maybeReBox (28 bytes)
Event: 160.580 Thread 0x0000020ee1fa8690 11805       3       java.lang.invoke.DelegatingMethodHandle::whichKind (44 bytes)
Event: 160.580 Thread 0x0000020ee1fa8690 nmethod 11805 0x0000020ec55dd510 code [0x0000020ec55dd6c0, 0x0000020ec55dd898]
Event: 160.580 Thread 0x0000020ee1fa9fe0 nmethod 11806 0x0000020ec55dd910 code [0x0000020ec55ddae0, 0x0000020ec55de0d8]
Event: 160.583 Thread 0x0000020edbd70ba0 nmethod 11803 0x0000020ec55de290 code [0x0000020ec55dea00, 0x0000020ec55e3618]
Event: 160.584 Thread 0x0000020edbd70ba0 11807   !   3       jdk.proxy2.$Proxy1::value (29 bytes)
Event: 160.585 Thread 0x0000020edbd70ba0 nmethod 11807 0x0000020ec55e4d10 code [0x0000020ec55e4ee0, 0x0000020ec55e52d8]
Event: 160.595 Thread 0x0000020ee1fa9fe0 11808       3       com.google.common.collect.ImmutableMap$Builder::ensureCapacity (38 bytes)
Event: 160.595 Thread 0x0000020ee1fa9fe0 nmethod 11808 0x0000020ec55e5490 code [0x0000020ec55e5660, 0x0000020ec55e5a38]
Event: 160.610 Thread 0x0000020ee1fa8690 11809       3       org.gradle.internal.reflect.MutableClassDetails::getProperties (10 bytes)
Event: 160.610 Thread 0x0000020ee1fa8690 nmethod 11809 0x0000020ec55e5b90 code [0x0000020ec55e5d40, 0x0000020ec55e5f08]
Event: 160.611 Thread 0x0000020edbd70ba0 11811       3       org.gradle.internal.instantiation.generator.AsmBackedClassGenerator$ClassBuilderImpl$$Lambda$136/0x00000008011b1e48::emit (9 bytes)
Event: 160.611 Thread 0x0000020ee1fa9fe0 11812       3       org.gradle.internal.instantiation.generator.AsmBackedClassGenerator$ClassBuilderImpl::lambda$mixInDynamicAware$9 (11 bytes)
Event: 160.611 Thread 0x0000020ee1fa8690 11813       3       org.gradle.internal.instantiation.generator.AsmBackedClassGenerator$ClassBuilderImpl$10::<init> (159 bytes)
Event: 160.611 Thread 0x0000020edbd70ba0 nmethod 11811 0x0000020ec55e6010 code [0x0000020ec55e61c0, 0x0000020ec55e63c8]
Event: 160.611 Thread 0x0000020ee1fa9fe0 nmethod 11812 0x0000020ec55e6510 code [0x0000020ec55e66c0, 0x0000020ec55e6868]
Event: 160.613 Thread 0x0000020ee1fa8690 nmethod 11813 0x0000020ec55e6910 code [0x0000020ec55e6dc0, 0x0000020ec55e9918]

GC Heap History (20 events):
Event: 145.472 GC heap after
{Heap after GC invocations=38 (full 0):
 garbage-first heap   total 196608K, used 87279K [0x0000000080000000, 0x0000000100000000)
  region size 1024K, 3 young (3072K), 3 survivors (3072K)
 Metaspace       used 73887K, committed 74752K, reserved 491520K
  class space    used 10300K, committed 10688K, reserved 425984K
}
Event: 145.475 GC heap before
{Heap before GC invocations=38 (full 0):
 garbage-first heap   total 196608K, used 89327K [0x0000000080000000, 0x0000000100000000)
  region size 1024K, 4 young (4096K), 3 survivors (3072K)
 Metaspace       used 73887K, committed 74752K, reserved 491520K
  class space    used 10300K, committed 10688K, reserved 425984K
}
Event: 145.479 GC heap after
{Heap after GC invocations=39 (full 0):
 garbage-first heap   total 196608K, used 88784K [0x0000000080000000, 0x0000000100000000)
  region size 1024K, 2 young (2048K), 2 survivors (2048K)
 Metaspace       used 73887K, committed 74752K, reserved 491520K
  class space    used 10300K, committed 10688K, reserved 425984K
}
Event: 145.532 GC heap before
{Heap before GC invocations=39 (full 0):
 garbage-first heap   total 196608K, used 94928K [0x0000000080000000, 0x0000000100000000)
  region size 1024K, 8 young (8192K), 2 survivors (2048K)
 Metaspace       used 73892K, committed 74752K, reserved 491520K
  class space    used 10300K, committed 10688K, reserved 425984K
}
Event: 145.538 GC heap after
{Heap after GC invocations=40 (full 0):
 garbage-first heap   total 196608K, used 90606K [0x0000000080000000, 0x0000000100000000)
  region size 1024K, 4 young (4096K), 4 survivors (4096K)
 Metaspace       used 73892K, committed 74752K, reserved 491520K
  class space    used 10300K, committed 10688K, reserved 425984K
}
Event: 145.541 GC heap before
{Heap before GC invocations=40 (full 0):
 garbage-first heap   total 196608K, used 91630K [0x0000000080000000, 0x0000000100000000)
  region size 1024K, 5 young (5120K), 4 survivors (4096K)
 Metaspace       used 73892K, committed 74752K, reserved 491520K
  class space    used 10300K, committed 10688K, reserved 425984K
}
Event: 145.547 GC heap after
{Heap after GC invocations=41 (full 0):
 garbage-first heap   total 196608K, used 91179K [0x0000000080000000, 0x0000000100000000)
  region size 1024K, 2 young (2048K), 2 survivors (2048K)
 Metaspace       used 73892K, committed 74752K, reserved 491520K
  class space    used 10300K, committed 10688K, reserved 425984K
}
Event: 146.718 GC heap before
{Heap before GC invocations=42 (full 0):
 garbage-first heap   total 196608K, used 138283K [0x0000000080000000, 0x0000000100000000)
  region size 1024K, 47 young (48128K), 2 survivors (2048K)
 Metaspace       used 76857K, committed 77696K, reserved 557056K
  class space    used 10690K, committed 11072K, reserved 425984K
}
Event: 146.723 GC heap after
{Heap after GC invocations=43 (full 0):
 garbage-first heap   total 196608K, used 92143K [0x0000000080000000, 0x0000000100000000)
  region size 1024K, 4 young (4096K), 4 survivors (4096K)
 Metaspace       used 76857K, committed 77696K, reserved 557056K
  class space    used 10690K, committed 11072K, reserved 425984K
}
Event: 147.686 GC heap before
{Heap before GC invocations=43 (full 0):
 garbage-first heap   total 196608K, used 141295K [0x0000000080000000, 0x0000000100000000)
  region size 1024K, 52 young (53248K), 4 survivors (4096K)
 Metaspace       used 80143K, committed 81024K, reserved 557056K
  class space    used 11128K, committed 11584K, reserved 425984K
}
Event: 147.693 GC heap after
{Heap after GC invocations=44 (full 0):
 garbage-first heap   total 196608K, used 94523K [0x0000000080000000, 0x0000000100000000)
  region size 1024K, 6 young (6144K), 6 survivors (6144K)
 Metaspace       used 80143K, committed 81024K, reserved 557056K
  class space    used 11128K, committed 11584K, reserved 425984K
}
Event: 158.316 GC heap before
{Heap before GC invocations=45 (full 0):
 garbage-first heap   total 196608K, used 145723K [0x0000000080000000, 0x0000000100000000)
  region size 1024K, 57 young (58368K), 6 survivors (6144K)
 Metaspace       used 80929K, committed 81856K, reserved 557056K
  class space    used 11255K, committed 11712K, reserved 425984K
}
Event: 158.324 GC heap after
{Heap after GC invocations=46 (full 0):
 garbage-first heap   total 196608K, used 95758K [0x0000000080000000, 0x0000000100000000)
  region size 1024K, 7 young (7168K), 7 survivors (7168K)
 Metaspace       used 80929K, committed 81856K, reserved 557056K
  class space    used 11255K, committed 11712K, reserved 425984K
}
Event: 158.869 GC heap before
{Heap before GC invocations=46 (full 0):
 garbage-first heap   total 196608K, used 128526K [0x0000000080000000, 0x0000000100000000)
  region size 1024K, 40 young (40960K), 7 survivors (7168K)
 Metaspace       used 83099K, committed 83968K, reserved 557056K
  class space    used 11565K, committed 11968K, reserved 425984K
}
Event: 158.875 GC heap after
{Heap after GC invocations=47 (full 0):
 garbage-first heap   total 196608K, used 97876K [0x0000000080000000, 0x0000000100000000)
  region size 1024K, 3 young (3072K), 3 survivors (3072K)
 Metaspace       used 83099K, committed 83968K, reserved 557056K
  class space    used 11565K, committed 11968K, reserved 425984K
}
Event: 159.840 GC heap before
{Heap before GC invocations=48 (full 0):
 garbage-first heap   total 196608K, used 153172K [0x0000000080000000, 0x0000000100000000)
  region size 1024K, 56 young (57344K), 3 survivors (3072K)
 Metaspace       used 86659K, committed 87616K, reserved 557056K
  class space    used 12213K, committed 12672K, reserved 425984K
}
Event: 159.845 GC heap after
{Heap after GC invocations=49 (full 0):
 garbage-first heap   total 196608K, used 98534K [0x0000000080000000, 0x0000000100000000)
  region size 1024K, 3 young (3072K), 3 survivors (3072K)
 Metaspace       used 86659K, committed 87616K, reserved 557056K
  class space    used 12213K, committed 12672K, reserved 425984K
}
Event: 159.933 GC heap before
{Heap before GC invocations=49 (full 0):
 garbage-first heap   total 196608K, used 104678K [0x0000000080000000, 0x0000000100000000)
  region size 1024K, 9 young (9216K), 3 survivors (3072K)
 Metaspace       used 86987K, committed 87872K, reserved 557056K
  class space    used 12255K, committed 12672K, reserved 425984K
}
Event: 159.937 GC heap after
{Heap after GC invocations=50 (full 0):
 garbage-first heap   total 196608K, used 98585K [0x0000000080000000, 0x0000000100000000)
  region size 1024K, 1 young (1024K), 1 survivors (1024K)
 Metaspace       used 86987K, committed 87872K, reserved 557056K
  class space    used 12255K, committed 12672K, reserved 425984K
}
Event: 160.633 GC heap before
{Heap before GC invocations=50 (full 0):
 garbage-first heap   total 196608K, used 155929K [0x0000000080000000, 0x0000000100000000)
  region size 1024K, 57 young (58368K), 1 survivors (1024K)
 Metaspace       used 89474K, committed 90432K, reserved 557056K
  class space    used 12593K, committed 13056K, reserved 425984K
}

Dll operation events (14 events):
Event: 0.023 Loaded shared library C:\Users\Asus\AppData\Local\Programs\Eclipse Adoptium\jdk-17.0.7.7-hotspot\bin\java.dll
Event: 0.051 Loaded shared library C:\Users\Asus\AppData\Local\Programs\Eclipse Adoptium\jdk-17.0.7.7-hotspot\bin\jsvml.dll
Event: 0.230 Loaded shared library C:\Users\Asus\AppData\Local\Programs\Eclipse Adoptium\jdk-17.0.7.7-hotspot\bin\zip.dll
Event: 0.241 Loaded shared library C:\Users\Asus\AppData\Local\Programs\Eclipse Adoptium\jdk-17.0.7.7-hotspot\bin\instrument.dll
Event: 0.257 Loaded shared library C:\Users\Asus\AppData\Local\Programs\Eclipse Adoptium\jdk-17.0.7.7-hotspot\bin\net.dll
Event: 0.263 Loaded shared library C:\Users\Asus\AppData\Local\Programs\Eclipse Adoptium\jdk-17.0.7.7-hotspot\bin\nio.dll
Event: 0.274 Loaded shared library C:\Users\Asus\AppData\Local\Programs\Eclipse Adoptium\jdk-17.0.7.7-hotspot\bin\zip.dll
Event: 0.891 Loaded shared library C:\Users\Asus\AppData\Local\Programs\Eclipse Adoptium\jdk-17.0.7.7-hotspot\bin\jimage.dll
Event: 1.040 Loaded shared library C:\Users\Asus\AppData\Local\Programs\Eclipse Adoptium\jdk-17.0.7.7-hotspot\bin\verify.dll
Event: 1.477 Loaded shared library C:\Users\Asus\.gradle\native\68d5fa5c4cc2d200863cafc0d521ce42e7d3e7ee720ec0a83991735586a16f82\windows-amd64\native-platform.dll
Event: 1.496 Loaded shared library C:\Users\Asus\.gradle\native\e376f236ea51e6404a007f0833ffe2c6e607c4080706a723a18a27aeea778392\windows-amd64\native-platform-file-events.dll
Event: 4.238 Loaded shared library C:\Users\Asus\AppData\Local\Programs\Eclipse Adoptium\jdk-17.0.7.7-hotspot\bin\management.dll
Event: 4.253 Loaded shared library C:\Users\Asus\AppData\Local\Programs\Eclipse Adoptium\jdk-17.0.7.7-hotspot\bin\management_ext.dll
Event: 6.012 Loaded shared library C:\Users\Asus\AppData\Local\Programs\Eclipse Adoptium\jdk-17.0.7.7-hotspot\bin\sunmscapi.dll

Deoptimization events (20 events):
Event: 159.804 Thread 0x0000020ee2615c70 Uncommon trap: trap_request=0xffffffde fr.pc=0x0000020ecbdeea8c relative=0x000000000000048c
Event: 159.804 Thread 0x0000020ee2615c70 Uncommon trap: reason=class_check action=maybe_recompile pc=0x0000020ecbdeea8c method=org.gradle.internal.instantiation.generator.AbstractClassGenerator$InjectionAnnotationValidator.validateMethod(Ljava/lang/reflect/Method;Lorg/gradle/internal/reflect/Pro
Event: 159.804 Thread 0x0000020ee2615c70 DEOPT PACKING pc=0x0000020ecbdeea8c sp=0x000000fb83ff4d00
Event: 159.804 Thread 0x0000020ee2615c70 DEOPT UNPACKING pc=0x0000020ecb5a69a3 sp=0x000000fb83ff4ca8 mode 2
Event: 160.192 Thread 0x0000020ee2615c70 DEOPT PACKING pc=0x0000020ec420959d sp=0x000000fb83ff4cf0
Event: 160.192 Thread 0x0000020ee2615c70 DEOPT UNPACKING pc=0x0000020ecb5a7143 sp=0x000000fb83ff4218 mode 0
Event: 160.261 Thread 0x0000020ee2615c70 Uncommon trap: trap_request=0xffffff45 fr.pc=0x0000020ecbffef6c relative=0x00000000000003ac
Event: 160.261 Thread 0x0000020ee2615c70 Uncommon trap: reason=unstable_if action=reinterpret pc=0x0000020ecbffef6c method=java.lang.StringConcatHelper.simpleConcat(Ljava/lang/Object;Ljava/lang/Object;)Ljava/lang/String; @ 30 c2
Event: 160.261 Thread 0x0000020ee2615c70 DEOPT PACKING pc=0x0000020ecbffef6c sp=0x000000fb83ff5690
Event: 160.261 Thread 0x0000020ee2615c70 DEOPT UNPACKING pc=0x0000020ecb5a69a3 sp=0x000000fb83ff5648 mode 2
Event: 160.307 Thread 0x0000020ee2615c70 Uncommon trap: trap_request=0xffffff45 fr.pc=0x0000020ecbfc3348 relative=0x0000000000000488
Event: 160.307 Thread 0x0000020ee2615c70 Uncommon trap: reason=unstable_if action=reinterpret pc=0x0000020ecbfc3348 method=java.lang.StringLatin1.regionMatchesCI([BI[BII)Z @ 72 c2
Event: 160.307 Thread 0x0000020ee2615c70 DEOPT PACKING pc=0x0000020ecbfc3348 sp=0x000000fb83ff4e80
Event: 160.307 Thread 0x0000020ee2615c70 DEOPT UNPACKING pc=0x0000020ecb5a69a3 sp=0x000000fb83ff4de8 mode 2
Event: 160.313 Thread 0x0000020ee2615c70 DEOPT PACKING pc=0x0000020ec420959d sp=0x000000fb83ff46e0
Event: 160.313 Thread 0x0000020ee2615c70 DEOPT UNPACKING pc=0x0000020ecb5a7143 sp=0x000000fb83ff3c08 mode 0
Event: 160.334 Thread 0x0000020ee2615c70 Uncommon trap: trap_request=0xfffffff4 fr.pc=0x0000020ecbe5afa0 relative=0x0000000000001120
Event: 160.334 Thread 0x0000020ee2615c70 Uncommon trap: reason=null_check action=make_not_entrant pc=0x0000020ecbe5afa0 method=org.gradle.tooling.internal.provider.runner.ClientBuildEventGenerator$Enabled.accept(Lorg/gradle/internal/operations/BuildOperationDescriptor;)Lorg/gradle/tooling/intern
Event: 160.334 Thread 0x0000020ee2615c70 DEOPT PACKING pc=0x0000020ecbe5afa0 sp=0x000000fb83ff5620
Event: 160.334 Thread 0x0000020ee2615c70 DEOPT UNPACKING pc=0x0000020ecb5a69a3 sp=0x000000fb83ff55d8 mode 2

Classes unloaded (0 events):
No events

Classes redefined (0 events):
No events

Internal exceptions (20 events):
Event: 160.483 Thread 0x0000020ee2615c70 Exception <a 'java/lang/ClassNotFoundException'{0x000000008940a700}: org/gradle/api/internal/DefaultDomainObjectSet_DecoratedCustomizer> (0x000000008940a700) 
thrown [s\src\hotspot\share\classfile\systemDictionary.cpp, line 256]
Event: 160.492 Thread 0x0000020ee2615c70 Exception <a 'java/lang/ClassNotFoundException'{0x00000000893578c0}: com/android/build/gradle/internal/api/ApplicationVariantImpl_DecoratedBeanInfo> (0x00000000893578c0) 
thrown [s\src\hotspot\share\classfile\systemDictionary.cpp, line 256]
Event: 160.492 Thread 0x0000020ee2615c70 Exception <a 'java/lang/ClassNotFoundException'{0x00000000893677a0}: com/android/build/gradle/internal/api/ApplicationVariantImplBeanInfo> (0x00000000893677a0) 
thrown [s\src\hotspot\share\classfile\systemDictionary.cpp, line 256]
Event: 160.493 Thread 0x0000020ee2615c70 Exception <a 'java/lang/ClassNotFoundException'{0x0000000089377578}: com/android/build/gradle/internal/api/ApkVariantImplBeanInfo> (0x0000000089377578) 
thrown [s\src\hotspot\share\classfile\systemDictionary.cpp, line 256]
Event: 160.493 Thread 0x0000020ee2615c70 Exception <a 'java/lang/ClassNotFoundException'{0x0000000089388148}: com/android/build/gradle/internal/api/InstallableVariantImplBeanInfo> (0x0000000089388148) 
thrown [s\src\hotspot\share\classfile\systemDictionary.cpp, line 256]
Event: 160.494 Thread 0x0000020ee2615c70 Exception <a 'java/lang/ClassNotFoundException'{0x00000000893990b0}: com/android/build/gradle/internal/api/AndroidArtifactVariantImplBeanInfo> (0x00000000893990b0) 
thrown [s\src\hotspot\share\classfile\systemDictionary.cpp, line 256]
Event: 160.494 Thread 0x0000020ee2615c70 Exception <a 'java/lang/ClassNotFoundException'{0x00000000893a9e80}: com/android/build/gradle/internal/api/BaseVariantImplBeanInfo> (0x00000000893a9e80) 
thrown [s\src\hotspot\share\classfile\systemDictionary.cpp, line 256]
Event: 160.494 Thread 0x0000020ee2615c70 Exception <a 'java/lang/ClassNotFoundException'{0x00000000893baf50}: com/android/build/gradle/internal/api/BaseVariantImplCustomizer> (0x00000000893baf50) 
thrown [s\src\hotspot\share\classfile\systemDictionary.cpp, line 256]
Event: 160.496 Thread 0x0000020ee2615c70 Exception <a 'java/lang/ClassNotFoundException'{0x000000008920d8e8}: com/android/build/gradle/internal/api/AndroidArtifactVariantImplCustomizer> (0x000000008920d8e8) 
thrown [s\src\hotspot\share\classfile\systemDictionary.cpp, line 256]
Event: 160.497 Thread 0x0000020ee2615c70 Exception <a 'java/lang/ClassNotFoundException'{0x0000000089230ce8}: com/android/build/gradle/internal/api/InstallableVariantImplCustomizer> (0x0000000089230ce8) 
thrown [s\src\hotspot\share\classfile\systemDictionary.cpp, line 256]
Event: 160.498 Thread 0x0000020ee2615c70 Exception <a 'java/lang/ClassNotFoundException'{0x0000000089258718}: com/android/build/gradle/internal/api/ApkVariantImplCustomizer> (0x0000000089258718) 
thrown [s\src\hotspot\share\classfile\systemDictionary.cpp, line 256]
Event: 160.499 Thread 0x0000020ee2615c70 Exception <a 'java/lang/ClassNotFoundException'{0x000000008927ca10}: com/android/build/gradle/internal/api/ApplicationVariantImplCustomizer> (0x000000008927ca10) 
thrown [s\src\hotspot\share\classfile\systemDictionary.cpp, line 256]
Event: 160.500 Thread 0x0000020ee2615c70 Exception <a 'java/lang/ClassNotFoundException'{0x00000000892a4918}: com/android/build/gradle/internal/api/ApplicationVariantImpl_DecoratedCustomizer> (0x00000000892a4918) 
thrown [s\src\hotspot\share\classfile\systemDictionary.cpp, line 256]
Event: 160.630 Thread 0x0000020ee2615c70 Exception <a 'java/lang/ClassNotFoundException'{0x000000008878b638}: com/android/build/gradle/internal/lint/AndroidLintAnalysisTask_DecoratedBeanInfo> (0x000000008878b638) 
thrown [s\src\hotspot\share\classfile\systemDictionary.cpp, line 256]
Event: 160.631 Thread 0x0000020ee2615c70 Exception <a 'java/lang/ClassNotFoundException'{0x000000008879b7d0}: com/android/build/gradle/internal/lint/AndroidLintAnalysisTaskBeanInfo> (0x000000008879b7d0) 
thrown [s\src\hotspot\share\classfile\systemDictionary.cpp, line 256]
Event: 160.631 Thread 0x0000020ee2615c70 Exception <a 'java/lang/ClassNotFoundException'{0x00000000887ab690}: com/android/build/gradle/internal/tasks/NonIncrementalTaskBeanInfo> (0x00000000887ab690) 
thrown [s\src\hotspot\share\classfile\systemDictionary.cpp, line 256]
Event: 160.631 Thread 0x0000020ee2615c70 Exception <a 'java/lang/ClassNotFoundException'{0x00000000887bb550}: com/android/build/gradle/internal/tasks/AndroidVariantTaskBeanInfo> (0x00000000887bb550) 
thrown [s\src\hotspot\share\classfile\systemDictionary.cpp, line 256]
Event: 160.632 Thread 0x0000020ee2615c70 Exception <a 'java/lang/ClassNotFoundException'{0x00000000887cb570}: com/android/build/gradle/internal/tasks/BaseTaskBeanInfo> (0x00000000887cb570) 
thrown [s\src\hotspot\share\classfile\systemDictionary.cpp, line 256]
Event: 160.632 Thread 0x0000020ee2615c70 Exception <a 'java/lang/ClassNotFoundException'{0x00000000887db2f0}: com/android/build/gradle/internal/tasks/BaseTaskCustomizer> (0x00000000887db2f0) 
thrown [s\src\hotspot\share\classfile\systemDictionary.cpp, line 256]
Event: 160.633 Thread 0x0000020ee2615c70 Exception <a 'java/lang/ClassNotFoundException'{0x00000000887fc3d8}: com/android/build/gradle/internal/tasks/AndroidVariantTaskCustomizer> (0x00000000887fc3d8) 
thrown [s\src\hotspot\share\classfile\systemDictionary.cpp, line 256]

VM Operations (20 events):
Event: 155.868 Executing VM operation: Cleanup done
Event: 158.315 Executing VM operation: G1CollectForAllocation
Event: 158.324 Executing VM operation: G1CollectForAllocation done
Event: 158.417 Executing VM operation: HandshakeAllThreads
Event: 158.417 Executing VM operation: HandshakeAllThreads done
Event: 158.548 Executing VM operation: HandshakeAllThreads
Event: 158.548 Executing VM operation: HandshakeAllThreads done
Event: 158.869 Executing VM operation: G1TryInitiateConcMark
Event: 158.875 Executing VM operation: G1TryInitiateConcMark done
Event: 158.921 Executing VM operation: G1Concurrent
Event: 158.926 Executing VM operation: G1Concurrent done
Event: 158.950 Executing VM operation: G1Concurrent
Event: 158.951 Executing VM operation: G1Concurrent done
Event: 159.840 Executing VM operation: G1CollectForAllocation
Event: 159.845 Executing VM operation: G1CollectForAllocation done
Event: 159.933 Executing VM operation: G1CollectForAllocation
Event: 159.937 Executing VM operation: G1CollectForAllocation done
Event: 160.517 Executing VM operation: ICBufferFull
Event: 160.517 Executing VM operation: ICBufferFull done
Event: 160.633 Executing VM operation: G1CollectForAllocation

Events (20 events):
Event: 158.197 loading class java/util/regex/MatcherCustomizer
Event: 158.197 loading class java/util/regex/MatcherCustomizer done
Event: 158.198 loading class java/util/regex/MatcherCustomizer
Event: 158.198 loading class java/util/regex/MatcherCustomizer done
Event: 158.313 loading class java/util/concurrent/atomic/AtomicIntegerArray
Event: 158.314 loading class java/util/concurrent/atomic/AtomicIntegerArray done
Event: 158.324 loading class java/util/Currency
Event: 158.325 loading class java/util/Currency done
Event: 158.331 loading class java/util/concurrent/atomic/AtomicLongArray
Event: 158.331 loading class java/util/concurrent/atomic/AtomicLongArray done
Event: 158.355 loading class jdk/internal/vm/annotation/ForceInline
Event: 158.356 loading class jdk/internal/vm/annotation/ForceInline done
Event: 158.881 loading class sun/reflect/generics/repository/FieldRepository
Event: 158.882 loading class sun/reflect/generics/repository/FieldRepository done
Event: 158.896 Thread 0x0000020ee1fa8690 Thread added: 0x0000020ee1fa8690
Event: 158.898 Thread 0x0000020ee1fa9fe0 Thread added: 0x0000020ee1fa9fe0
Event: 158.961 loading class java/util/regex/Pattern$Caret
Event: 158.961 loading class java/util/regex/Pattern$Caret done
Event: 160.458 loading class java/io/FilterReader
Event: 160.458 loading class java/io/FilterReader done


Dynamic libraries:
0x00007ff79d9e0000 - 0x00007ff79d9ee000 	C:\Users\Asus\AppData\Local\Programs\Eclipse Adoptium\jdk-17.0.7.7-hotspot\bin\java.exe
0x00007ff9dee10000 - 0x00007ff9df027000 	C:\WINDOWS\SYSTEM32\ntdll.dll
0x00007ff9dced0000 - 0x00007ff9dcf94000 	C:\WINDOWS\System32\KERNEL32.DLL
0x00007ff9dc560000 - 0x00007ff9dc91a000 	C:\WINDOWS\System32\KERNELBASE.dll
0x00007ff9dc440000 - 0x00007ff9dc551000 	C:\WINDOWS\System32\ucrtbase.dll
0x00007ff938570000 - 0x00007ff938589000 	C:\Users\Asus\AppData\Local\Programs\Eclipse Adoptium\jdk-17.0.7.7-hotspot\bin\VCRUNTIME140.dll
0x00007ff938c30000 - 0x00007ff938c47000 	C:\Users\Asus\AppData\Local\Programs\Eclipse Adoptium\jdk-17.0.7.7-hotspot\bin\jli.dll
0x00007ff9dec20000 - 0x00007ff9dedce000 	C:\WINDOWS\System32\USER32.dll
0x00007ff9dc0d0000 - 0x00007ff9dc0f6000 	C:\WINDOWS\System32\win32u.dll
0x00007ff9dccd0000 - 0x00007ff9dccf9000 	C:\WINDOWS\System32\GDI32.dll
0x00007ff9dc9e0000 - 0x00007ff9dcafb000 	C:\WINDOWS\System32\gdi32full.dll
0x00007ff9dc3a0000 - 0x00007ff9dc43a000 	C:\WINDOWS\System32\msvcp_win.dll
0x00007ff9db5e0000 - 0x00007ff9db872000 	C:\WINDOWS\WinSxS\amd64_microsoft.windows.common-controls_6595b64144ccf1df_6.0.22621.4541_none_2710d1c57384c085\COMCTL32.dll
0x00007ff9deb20000 - 0x00007ff9debc7000 	C:\WINDOWS\System32\msvcrt.dll
0x00007ff9de410000 - 0x00007ff9de441000 	C:\WINDOWS\System32\IMM32.DLL
0x00007ff9c39b0000 - 0x00007ff9c39bc000 	C:\Users\Asus\AppData\Local\Programs\Eclipse Adoptium\jdk-17.0.7.7-hotspot\bin\vcruntime140_1.dll
0x00007ff9323a0000 - 0x00007ff932431000 	C:\Users\Asus\AppData\Local\Programs\Eclipse Adoptium\jdk-17.0.7.7-hotspot\bin\msvcp140.dll
0x00007ff931420000 - 0x00007ff932068000 	C:\Users\Asus\AppData\Local\Programs\Eclipse Adoptium\jdk-17.0.7.7-hotspot\bin\server\jvm.dll
0x00007ff9dce10000 - 0x00007ff9dcec2000 	C:\WINDOWS\System32\ADVAPI32.dll
0x00007ff9ddda0000 - 0x00007ff9dde47000 	C:\WINDOWS\System32\sechost.dll
0x00007ff9dc2f0000 - 0x00007ff9dc318000 	C:\WINDOWS\System32\bcrypt.dll
0x00007ff9de450000 - 0x00007ff9de564000 	C:\WINDOWS\System32\RPCRT4.dll
0x00007ff9bdbd0000 - 0x00007ff9bdbd9000 	C:\WINDOWS\SYSTEM32\WSOCK32.dll
0x00007ff9de980000 - 0x00007ff9de9f1000 	C:\WINDOWS\System32\WS2_32.dll
0x00007ff9cfdd0000 - 0x00007ff9cfe04000 	C:\WINDOWS\SYSTEM32\WINMM.dll
0x00007ff9db190000 - 0x00007ff9db19a000 	C:\WINDOWS\SYSTEM32\VERSION.dll
0x00007ff9da220000 - 0x00007ff9da238000 	C:\WINDOWS\SYSTEM32\kernel.appcore.dll
0x00007ff986d90000 - 0x00007ff986d9a000 	C:\Users\Asus\AppData\Local\Programs\Eclipse Adoptium\jdk-17.0.7.7-hotspot\bin\jimage.dll
0x00007ff9db9e0000 - 0x00007ff9dbc12000 	C:\WINDOWS\SYSTEM32\DBGHELP.DLL
0x00007ff9dcfa0000 - 0x00007ff9dd331000 	C:\WINDOWS\System32\combase.dll
0x00007ff9dcbf0000 - 0x00007ff9dccc7000 	C:\WINDOWS\System32\OLEAUT32.dll
0x00007ff9db8d0000 - 0x00007ff9db902000 	C:\WINDOWS\SYSTEM32\dbgcore.DLL
0x00007ff9dc270000 - 0x00007ff9dc2eb000 	C:\WINDOWS\System32\bcryptPrimitives.dll
0x00007ff986000000 - 0x00007ff98600e000 	C:\Users\Asus\AppData\Local\Programs\Eclipse Adoptium\jdk-17.0.7.7-hotspot\bin\instrument.dll
0x00007ff932370000 - 0x00007ff932395000 	C:\Users\Asus\AppData\Local\Programs\Eclipse Adoptium\jdk-17.0.7.7-hotspot\bin\java.dll
0x00007ff932290000 - 0x00007ff932366000 	C:\Users\Asus\AppData\Local\Programs\Eclipse Adoptium\jdk-17.0.7.7-hotspot\bin\jsvml.dll
0x00007ff9dd340000 - 0x00007ff9ddbb9000 	C:\WINDOWS\System32\SHELL32.dll
0x00007ff9d9090000 - 0x00007ff9d9999000 	C:\WINDOWS\SYSTEM32\windows.storage.dll
0x00007ff9d8f50000 - 0x00007ff9d908f000 	C:\WINDOWS\SYSTEM32\wintypes.dll
0x00007ff9dcd10000 - 0x00007ff9dce0a000 	C:\WINDOWS\System32\SHCORE.dll
0x00007ff9dcb70000 - 0x00007ff9dcbce000 	C:\WINDOWS\System32\shlwapi.dll
0x00007ff9dc000000 - 0x00007ff9dc02b000 	C:\WINDOWS\SYSTEM32\profapi.dll
0x00007ff932270000 - 0x00007ff932288000 	C:\Users\Asus\AppData\Local\Programs\Eclipse Adoptium\jdk-17.0.7.7-hotspot\bin\zip.dll
0x00007ff932250000 - 0x00007ff932269000 	C:\Users\Asus\AppData\Local\Programs\Eclipse Adoptium\jdk-17.0.7.7-hotspot\bin\net.dll
0x00007ff9d4110000 - 0x00007ff9d4246000 	C:\WINDOWS\SYSTEM32\WINHTTP.dll
0x00007ff9da630000 - 0x00007ff9da699000 	C:\WINDOWS\system32\mswsock.dll
0x00007ff932230000 - 0x00007ff932245000 	C:\Users\Asus\AppData\Local\Programs\Eclipse Adoptium\jdk-17.0.7.7-hotspot\bin\nio.dll
0x00007ff983220000 - 0x00007ff983230000 	C:\Users\Asus\AppData\Local\Programs\Eclipse Adoptium\jdk-17.0.7.7-hotspot\bin\verify.dll
0x00007ff960690000 - 0x00007ff9606b7000 	C:\Users\Asus\.gradle\native\68d5fa5c4cc2d200863cafc0d521ce42e7d3e7ee720ec0a83991735586a16f82\windows-amd64\native-platform.dll
0x00007ff9312d0000 - 0x00007ff931414000 	C:\Users\Asus\.gradle\native\e376f236ea51e6404a007f0833ffe2c6e607c4080706a723a18a27aeea778392\windows-amd64\native-platform-file-events.dll
0x00007ff982550000 - 0x00007ff982559000 	C:\Users\Asus\AppData\Local\Programs\Eclipse Adoptium\jdk-17.0.7.7-hotspot\bin\management.dll
0x00007ff9813c0000 - 0x00007ff9813cb000 	C:\Users\Asus\AppData\Local\Programs\Eclipse Adoptium\jdk-17.0.7.7-hotspot\bin\management_ext.dll
0x00007ff9de970000 - 0x00007ff9de978000 	C:\WINDOWS\System32\PSAPI.DLL
0x00007ff9dbd70000 - 0x00007ff9dbd8b000 	C:\WINDOWS\SYSTEM32\CRYPTSP.dll
0x00007ff9da170000 - 0x00007ff9da1a5000 	C:\WINDOWS\system32\rsaenh.dll
0x00007ff9da720000 - 0x00007ff9da748000 	C:\WINDOWS\SYSTEM32\USERENV.dll
0x00007ff9da880000 - 0x00007ff9da88c000 	C:\WINDOWS\SYSTEM32\CRYPTBASE.dll
0x00007ff9d9c00000 - 0x00007ff9d9c2d000 	C:\WINDOWS\SYSTEM32\IPHLPAPI.DLL
0x00007ff9de960000 - 0x00007ff9de969000 	C:\WINDOWS\System32\NSI.dll
0x00007ff9d40f0000 - 0x00007ff9d4109000 	C:\WINDOWS\SYSTEM32\dhcpcsvc6.DLL
0x00007ff9d40b0000 - 0x00007ff9d40cf000 	C:\WINDOWS\SYSTEM32\dhcpcsvc.DLL
0x00007ff9d9c70000 - 0x00007ff9d9d72000 	C:\WINDOWS\SYSTEM32\DNSAPI.dll
0x00007ff97f7f0000 - 0x00007ff97f7fe000 	C:\Users\Asus\AppData\Local\Programs\Eclipse Adoptium\jdk-17.0.7.7-hotspot\bin\sunmscapi.dll
0x00007ff9dc100000 - 0x00007ff9dc266000 	C:\WINDOWS\System32\CRYPT32.dll
0x00007ff9db230000 - 0x00007ff9db25d000 	C:\WINDOWS\SYSTEM32\ncrypt.dll
0x00007ff9db150000 - 0x00007ff9db187000 	C:\WINDOWS\SYSTEM32\NTASN1.dll
0x00007ff9ca9b0000 - 0x00007ff9ca9b8000 	C:\WINDOWS\system32\wshunix.dll
0x00007ff9bc570000 - 0x00007ff9bc587000 	C:\WINDOWS\system32\napinsp.dll
0x00007ff9bae60000 - 0x00007ff9bae7b000 	C:\WINDOWS\system32\pnrpnsp.dll
0x00007ff9bae40000 - 0x00007ff9bae51000 	C:\WINDOWS\System32\winrnr.dll
0x00007ff9d4540000 - 0x00007ff9d4555000 	C:\WINDOWS\system32\wshbth.dll
0x00007ff9bae10000 - 0x00007ff9bae37000 	C:\WINDOWS\system32\nlansp_c.dll
0x00007ff9d39a0000 - 0x00007ff9d39aa000 	C:\Windows\System32\rasadhlp.dll
0x00007ff9d3870000 - 0x00007ff9d38f3000 	C:\WINDOWS\System32\fwpuclnt.dll
0x00007ff9d8030000 - 0x00007ff9d80c7000 	C:\WINDOWS\system32\apphelp.dll
0x00007ff9db9a0000 - 0x00007ff9db9d4000 	C:\WINDOWS\SYSTEM32\ntmarta.dll

dbghelp: loaded successfully - version: 4.0.5 - missing functions: none
symbol engine: initialized successfully - sym options: 0x614 - pdb path: .;C:\Users\Asus\AppData\Local\Programs\Eclipse Adoptium\jdk-17.0.7.7-hotspot\bin;C:\WINDOWS\SYSTEM32;C:\WINDOWS\WinSxS\amd64_microsoft.windows.common-controls_6595b64144ccf1df_6.0.22621.4541_none_2710d1c57384c085;C:\Users\Asus\AppData\Local\Programs\Eclipse Adoptium\jdk-17.0.7.7-hotspot\bin\server;C:\Users\Asus\.gradle\native\68d5fa5c4cc2d200863cafc0d521ce42e7d3e7ee720ec0a83991735586a16f82\windows-amd64;C:\Users\Asus\.gradle\native\e376f236ea51e6404a007f0833ffe2c6e607c4080706a723a18a27aeea778392\windows-amd64

VM Arguments:
jvm_args: -XX:MaxMetaspaceSize=512m --add-opens=java.base/java.util=ALL-UNNAMED --add-opens=java.base/java.lang=ALL-UNNAMED --add-opens=java.base/java.lang.invoke=ALL-UNNAMED --add-opens=java.prefs/java.util.prefs=ALL-UNNAMED --add-opens=java.base/java.nio.charset=ALL-UNNAMED --add-opens=java.base/java.net=ALL-UNNAMED --add-opens=java.base/java.util.concurrent.atomic=ALL-UNNAMED -Xmx2048m -Dfile.encoding=utf8 -Duser.country=IN -Duser.language=en -Duser.variant -javaagent:C:\Users\Asus\.gradle\wrapper\dists\gradle-8.3-all\6en3ugtfdg5xnpx44z4qbwgas\gradle-8.3\lib\agents\gradle-instrumentation-agent-8.3.jar 
java_command: org.gradle.launcher.daemon.bootstrap.GradleDaemon 8.3
java_class_path (initial): C:\Users\Asus\.gradle\wrapper\dists\gradle-8.3-all\6en3ugtfdg5xnpx44z4qbwgas\gradle-8.3\lib\gradle-launcher-8.3.jar
Launcher Type: SUN_STANDARD

[Global flags]
     intx CICompilerCount                          = 12                                        {product} {ergonomic}
   size_t CompressedClassSpaceSize                 = 436207616                                 {product} {ergonomic}
     uint ConcGCThreads                            = 3                                         {product} {ergonomic}
     uint G1ConcRefinementThreads                  = 13                                        {product} {ergonomic}
   size_t G1HeapRegionSize                         = 1048576                                   {product} {ergonomic}
    uintx GCDrainStackTargetSize                   = 64                                        {product} {ergonomic}
   size_t InitialHeapSize                          = 125829120                                 {product} {ergonomic}
   size_t MarkStackSize                            = 4194304                                   {product} {ergonomic}
   size_t MaxHeapSize                              = 2147483648                                {product} {command line}
   size_t MaxMetaspaceSize                         = 536870912                                 {product} {command line}
   size_t MaxNewSize                               = 1287651328                                {product} {ergonomic}
   size_t MinHeapDeltaBytes                        = 1048576                                   {product} {ergonomic}
   size_t MinHeapSize                              = 8388608                                   {product} {ergonomic}
    uintx NonNMethodCodeHeapSize                   = 7602480                                {pd product} {ergonomic}
    uintx NonProfiledCodeHeapSize                  = 122027880                              {pd product} {ergonomic}
    uintx ProfiledCodeHeapSize                     = 122027880                              {pd product} {ergonomic}
    uintx ReservedCodeCacheSize                    = 251658240                              {pd product} {ergonomic}
     bool SegmentedCodeCache                       = true                                      {product} {ergonomic}
   size_t SoftMaxHeapSize                          = 2147483648                             {manageable} {ergonomic}
     bool UseCompressedClassPointers               = true                           {product lp64_product} {ergonomic}
     bool UseCompressedOops                        = true                           {product lp64_product} {ergonomic}
     bool UseG1GC                                  = true                                      {product} {ergonomic}
     bool UseLargePagesIndividualAllocation        = false                                  {pd product} {ergonomic}

Logging:
Log output configuration:
 #0: stdout all=warning uptime,level,tags
 #1: stderr all=off uptime,level,tags

Environment Variables:
JAVA_HOME=C:\Users\Asus\AppData\Local\Programs\Eclipse Adoptium\jdk-17.0.7.7-hotspot\
PATH=C:\Program Files\Java\jdk-21\bin;C:\Program Files\Common Files\Oracle\Java\javapath;C:\Program Files (x86)\Common Files\Oracle\Java\javapath;C:\Windows\system32;C:\Windows;C:\Windows\System32\Wbem;C:\Windows\System32\WindowsPowerShell\v1.0\;C:\Windows\System32\OpenSSH\;C:\Program Files\Git\cmd;C:\Program Files (x86)\NVIDIA Corporation\PhysX\Common;C:\Program Files\NVIDIA Corporation\NVIDIA NvDLISR;C:\Program Files (x86)\Windows Kits\10\Windows Performance Toolkit\;C:\Users\Asus\AppData\Local\Programs\Python\Python312;C:\Users\Asus\AppData\Local\Programs\Python\Python312\Scripts;C:\Program Files\Cloudflare\Cloudflare WARP\;C:\Users\Asus\AppData\Roaming\nvm;C:\Program Files\nodejs;C:\Program Files\nodejs\;C:\WINDOWS\system32;C:\WINDOWS;C:\WINDOWS\System32\Wbem;C:\WINDOWS\System32\WindowsPowerShell\v1.0\;C:\WINDOWS\System32\OpenSSH\;C:\Users\Asus\AppData\Local\Android\Sdk\platform-tools;C:\Program Files\MySQL\MySQL Shell 8.0\bin\;C:\Users\Asus\AppData\Local\Programs\Python\Launcher\;C:\Users\Asus\AppData\Local\Programs\Eclipse Adoptium\jdk-17.0.7.7-hotspot\bin;C:\Users\Asus\AppData\Local\Microsoft\WindowsApps;C:\Users\Asus\AppData\Local\Programs\Microsoft VS Code\bin;C:\Program Files\Tesseract-OCR;C:\Program Files (x86)\VideoLAN\VLC;C:\Program Files\CMake\bin;C:\Users\Asus\AppData\Local\Programs\mongosh\;C:\Users\Asus\AppData\Roaming\nvm;C:\Program Files\nodejs;C:\Users\Asus\.bun\bin;C:\Users\Asus\AppData\Roaming\npm;
USERNAME=Asus
OS=Windows_NT
PROCESSOR_IDENTIFIER=AMD64 Family 23 Model 96 Stepping 1, AuthenticAMD
TMP=C:\Users\Asus\AppData\Local\Temp
TEMP=C:\Users\Asus\AppData\Local\Temp



---------------  S Y S T E M  ---------------

OS:
 Windows 11 , 64 bit Build 22621 (10.0.22621.4391)
OS uptime: 0 days 1:55 hours
Hyper-V role detected

CPU: total 16 (initial active 16) (16 cores per cpu, 2 threads per core) family 23 model 96 stepping 1 microcode 0x0, cx8, cmov, fxsr, ht, mmx, 3dnowpref, sse, sse2, sse3, ssse3, sse4a, sse4.1, sse4.2, popcnt, lzcnt, tsc, tscinvbit, avx, avx2, aes, clmul, bmi1, bmi2, adx, sha, fma, vzeroupper, clflush, clflushopt, hv

Memory: 4k page, system-wide physical 7598M (349M free)
TotalPageFile size 31150M (AvailPageFile size 230M)
current process WorkingSet (physical memory assigned to process): 420M, peak: 420M
current process commit charge ("private bytes"): 507M, peak: 891M

vm_info: OpenJDK 64-Bit Server VM (17.0.7+7) for windows-amd64 JRE (17.0.7+7), built on Apr 18 2023 22:10:42 by "temurin" with MS VC++ 16.7 (VS2019)

END.
